{"E:\\Jennifer\\other\\vue3-json-schema-form\\lib\\SchemaForm.tsx": {"path":"E:\\Jennifer\\other\\vue3-json-schema-form\\lib\\SchemaForm.tsx","statementMap":{"0":{"start":{"line":1,"column":0},"end":{"line":1,"column":null}},"1":{"start":{"line":4,"column":0},"end":{"line":4,"column":null}},"2":{"start":{"line":5,"column":0},"end":{"line":5,"column":null}},"3":{"start":{"line":6,"column":0},"end":{"line":6,"column":null}},"4":{"start":{"line":7,"column":0},"end":{"line":7,"column":null}},"5":{"start":{"line":17,"column":35},"end":{"line":17,"column":null}},"6":{"start":{"line":21,"column":15},"end":{"line":21,"column":31}},"7":{"start":{"line":65,"column":30},"end":{"line":67,"column":null}},"8":{"start":{"line":66,"column":12},"end":{"line":66,"column":17}},"9":{"start":{"line":69,"column":49},"end":{"line":69,"column":60}},"10":{"start":{"line":71,"column":39},"end":{"line":71,"column":null}},"11":{"start":{"line":72,"column":8},"end":{"line":72,"column":20}},"12":{"start":{"line":73,"column":12},"end":{"line":73,"column":24}},"13":{"start":{"line":79,"column":12},"end":{"line":85,"column":null}},"14":{"start":{"line":80,"column":38},"end":{"line":80,"column":98}},"15":{"start":{"line":82,"column":16},"end":{"line":82,"column":29}},"16":{"start":{"line":83,"column":20},"end":{"line":83,"column":32}},"17":{"start":{"line":88,"column":12},"end":{"line":94,"column":null}},"18":{"start":{"line":89,"column":39},"end":{"line":89,"column":101}},"19":{"start":{"line":91,"column":16},"end":{"line":91,"column":30}},"20":{"start":{"line":92,"column":20},"end":{"line":92,"column":32}},"21":{"start":{"line":98,"column":35},"end":{"line":98,"column":null}},"22":{"start":{"line":100,"column":30},"end":{"line":100,"column":34}},"23":{"start":{"line":103,"column":8},"end":{"line":103,"column":14}},"24":{"start":{"line":103,"column":20},"end":{"line":103,"column":33}},"25":{"start":{"line":105,"column":12},"end":{"line":107,"column":null}},"26":{"start":{"line":106,"column":16},"end":{"line":106,"column":null}},"27":{"start":{"line":110,"column":26},"end":{"line":110,"column":null}},"28":{"start":{"line":111,"column":28},"end":{"line":111,"column":null}},"29":{"start":{"line":118,"column":12},"end":{"line":118,"column":19}},"30":{"start":{"line":121,"column":12},"end":{"line":121,"column":null}},"31":{"start":{"line":121,"column":46},"end":{"line":121,"column":null}},"32":{"start":{"line":123,"column":12},"end":{"line":123,"column":26}},"33":{"start":{"line":125,"column":12},"end":{"line":125,"column":30}},"34":{"start":{"line":127,"column":12},"end":{"line":127,"column":30}},"35":{"start":{"line":132,"column":8},"end":{"line":132,"column":14}},"36":{"start":{"line":132,"column":20},"end":{"line":132,"column":38}},"37":{"start":{"line":133,"column":12},"end":{"line":156,"column":null}},"38":{"start":{"line":134,"column":16},"end":{"line":134,"column":21}},"39":{"start":{"line":150,"column":24},"end":{"line":150,"column":31}},"40":{"start":{"line":151,"column":28},"end":{"line":151,"column":46}},"41":{"start":{"line":152,"column":28},"end":{"line":152,"column":null}},"42":{"start":{"line":162,"column":29},"end":{"line":162,"column":38}},"43":{"start":{"line":163,"column":12},"end":{"line":172,"column":null}},"44":{"start":{"line":164,"column":38},"end":{"line":164,"column":98}},"45":{"start":{"line":166,"column":16},"end":{"line":166,"column":23}},"46":{"start":{"line":167,"column":20},"end":{"line":167,"column":26}},"47":{"start":{"line":168,"column":20},"end":{"line":168,"column":27}},"48":{"start":{"line":171,"column":16},"end":{"line":171,"column":23}},"49":{"start":{"line":175,"column":35},"end":{"line":175,"column":44}},"50":{"start":{"line":176,"column":12},"end":{"line":191,"column":null}},"51":{"start":{"line":177,"column":39},"end":{"line":177,"column":101}},"52":{"start":{"line":179,"column":16},"end":{"line":179,"column":23}},"53":{"start":{"line":180,"column":36},"end":{"line":180,"column":null}},"54":{"start":{"line":181,"column":20},"end":{"line":181,"column":34}},"55":{"start":{"line":183,"column":24},"end":{"line":185,"column":null}},"56":{"start":{"line":184,"column":28},"end":{"line":184,"column":37}},"57":{"start":{"line":187,"column":20},"end":{"line":187,"column":27}},"58":{"start":{"line":190,"column":16},"end":{"line":190,"column":23}},"59":{"start":{"line":190,"column":38},"end":{"line":190,"column":null}},"60":{"start":{"line":194,"column":29},"end":{"line":194,"column":38}},"61":{"start":{"line":204,"column":8},"end":{"line":204,"column":16}},"62":{"start":{"line":206,"column":8},"end":{"line":206,"column":15}},"63":{"start":{"line":207,"column":46},"end":{"line":207,"column":null}},"64":{"start":{"line":209,"column":12},"end":{"line":209,"column":19}}},"fnMap":{"0":{"name":"(anonymous_0)","decl":{"start":{"line":64,"column":4},"end":{"line":64,"column":9}},"loc":{"start":{"line":64,"column":37},"end":{"line":218,"column":null}}},"1":{"name":"(anonymous_1)","decl":{"start":{"line":65,"column":30},"end":{"line":65,"column":39}},"loc":{"start":{"line":65,"column":39},"end":{"line":67,"column":null}}},"2":{"name":"(anonymous_2)","decl":{"start":{"line":72,"column":20},"end":{"line":72,"column":25}},"loc":{"start":{"line":72,"column":25},"end":{"line":95,"column":null}}},"3":{"name":"(anonymous_3)","decl":{"start":{"line":82,"column":38},"end":{"line":82,"column":44}},"loc":{"start":{"line":82,"column":47},"end":{"line":84,"column":null}}},"4":{"name":"(anonymous_4)","decl":{"start":{"line":91,"column":39},"end":{"line":91,"column":46}},"loc":{"start":{"line":91,"column":49},"end":{"line":93,"column":null}}},"5":{"name":"(anonymous_5)","decl":{"start":{"line":103,"column":14},"end":{"line":103,"column":20}},"loc":{"start":{"line":103,"column":20},"end":{"line":103,"column":33}}},"6":{"name":"(anonymous_6)","decl":{"start":{"line":103,"column":33},"end":{"line":103,"column":38}},"loc":{"start":{"line":103,"column":38},"end":{"line":108,"column":11}}},"7":{"name":"doValidate","decl":{"start":{"line":109,"column":23},"end":{"line":109,"column":33}},"loc":{"start":{"line":109,"column":33},"end":{"line":129,"column":null}}},"8":{"name":"(anonymous_8)","decl":{"start":{"line":132,"column":14},"end":{"line":132,"column":20}},"loc":{"start":{"line":132,"column":20},"end":{"line":132,"column":38}}},"9":{"name":"(anonymous_9)","decl":{"start":{"line":132,"column":38},"end":{"line":132,"column":43}},"loc":{"start":{"line":132,"column":43},"end":{"line":157,"column":11}}},"10":{"name":"(anonymous_10)","decl":{"start":{"line":135,"column":20},"end":{"line":135,"column":30}},"loc":{"start":{"line":135,"column":30},"end":{"line":154,"column":null}}},"11":{"name":"(anonymous_11)","decl":{"start":{"line":150,"column":43},"end":{"line":150,"column":50}},"loc":{"start":{"line":150,"column":53},"end":{"line":153,"column":null}}},"12":{"name":"(anonymous_12)","decl":{"start":{"line":162,"column":38},"end":{"line":162,"column":43}},"loc":{"start":{"line":162,"column":43},"end":{"line":173,"column":null}}},"13":{"name":"(anonymous_13)","decl":{"start":{"line":166,"column":44},"end":{"line":166,"column":45}},"loc":{"start":{"line":166,"column":63},"end":{"line":169,"column":19}}},"14":{"name":"(anonymous_14)","decl":{"start":{"line":175,"column":44},"end":{"line":175,"column":49}},"loc":{"start":{"line":175,"column":49},"end":{"line":192,"column":null}}},"15":{"name":"(anonymous_15)","decl":{"start":{"line":179,"column":24},"end":{"line":179,"column":42}},"loc":{"start":{"line":179,"column":42},"end":{"line":188,"column":null}}},"16":{"name":"(anonymous_16)","decl":{"start":{"line":181,"column":43},"end":{"line":181,"column":50}},"loc":{"start":{"line":181,"column":53},"end":{"line":186,"column":null}}},"17":{"name":"(anonymous_17)","decl":{"start":{"line":190,"column":24},"end":{"line":190,"column":38}},"loc":{"start":{"line":190,"column":38},"end":{"line":190,"column":null}}},"18":{"name":"(anonymous_18)","decl":{"start":{"line":206,"column":15},"end":{"line":206,"column":20}},"loc":{"start":{"line":206,"column":20},"end":{"line":217,"column":null}}}},"branchMap":{"0":{"loc":{"start":{"line":79,"column":12},"end":{"line":85,"column":null}},"type":"if","locations":[{"start":{"line":79,"column":12},"end":{"line":85,"column":null}},{"start":{"line":79,"column":12},"end":{"line":85,"column":null}}]},"1":{"loc":{"start":{"line":80,"column":75},"end":{"line":80,"column":97}},"type":"cond-expr","locations":[{"start":{"line":80,"column":75},"end":{"line":80,"column":97}},{"start":{"line":80,"column":97},"end":{"line":80,"column":98}}]},"2":{"loc":{"start":{"line":88,"column":12},"end":{"line":94,"column":null}},"type":"if","locations":[{"start":{"line":88,"column":12},"end":{"line":94,"column":null}},{"start":{"line":88,"column":12},"end":{"line":94,"column":null}}]},"3":{"loc":{"start":{"line":89,"column":77},"end":{"line":89,"column":100}},"type":"cond-expr","locations":[{"start":{"line":89,"column":77},"end":{"line":89,"column":100}},{"start":{"line":89,"column":100},"end":{"line":89,"column":101}}]},"4":{"loc":{"start":{"line":105,"column":12},"end":{"line":107,"column":null}},"type":"if","locations":[{"start":{"line":105,"column":12},"end":{"line":107,"column":null}},{"start":{"line":105,"column":12},"end":{"line":107,"column":null}}]},"5":{"loc":{"start":{"line":121,"column":12},"end":{"line":121,"column":null}},"type":"if","locations":[{"start":{"line":121,"column":12},"end":{"line":121,"column":null}},{"start":{"line":121,"column":12},"end":{"line":121,"column":null}}]},"6":{"loc":{"start":{"line":133,"column":12},"end":{"line":156,"column":null}},"type":"if","locations":[{"start":{"line":133,"column":12},"end":{"line":156,"column":null}},{"start":{"line":133,"column":12},"end":{"line":156,"column":null}}]},"7":{"loc":{"start":{"line":163,"column":12},"end":{"line":172,"column":null}},"type":"if","locations":[{"start":{"line":163,"column":12},"end":{"line":172,"column":null}},{"start":{"line":163,"column":12},"end":{"line":172,"column":null}}]},"8":{"loc":{"start":{"line":164,"column":75},"end":{"line":164,"column":97}},"type":"cond-expr","locations":[{"start":{"line":164,"column":75},"end":{"line":164,"column":97}},{"start":{"line":164,"column":97},"end":{"line":164,"column":98}}]},"9":{"loc":{"start":{"line":176,"column":12},"end":{"line":191,"column":null}},"type":"if","locations":[{"start":{"line":176,"column":12},"end":{"line":191,"column":null}},{"start":{"line":176,"column":12},"end":{"line":191,"column":null}}]},"10":{"loc":{"start":{"line":177,"column":77},"end":{"line":177,"column":100}},"type":"cond-expr","locations":[{"start":{"line":177,"column":77},"end":{"line":177,"column":100}},{"start":{"line":177,"column":100},"end":{"line":177,"column":101}}]},"11":{"loc":{"start":{"line":183,"column":24},"end":{"line":185,"column":null}},"type":"if","locations":[{"start":{"line":183,"column":24},"end":{"line":185,"column":null}},{"start":{"line":183,"column":24},"end":{"line":185,"column":null}}]},"12":{"loc":{"start":{"line":214,"column":26},"end":{"line":214,"column":34}},"type":"binary-expr","locations":[{"start":{"line":214,"column":26},"end":{"line":214,"column":34}},{"start":{"line":214,"column":38},"end":{"line":214,"column":null}}]},"13":{"loc":{"start":{"line":215,"column":29},"end":{"line":215,"column":53}},"type":"binary-expr","locations":[{"start":{"line":215,"column":29},"end":{"line":215,"column":53}},{"start":{"line":215,"column":53},"end":{"line":215,"column":null}}]}},"s":{"0":3,"1":3,"2":3,"3":3,"4":3,"5":3,"6":3,"7":7,"8":4,"9":7,"10":7,"11":7,"12":7,"13":7,"14":0,"15":0,"16":0,"17":7,"18":0,"19":0,"20":0,"21":7,"22":7,"23":7,"24":10,"25":3,"26":0,"27":0,"28":0,"29":0,"30":0,"31":0,"32":0,"33":0,"34":0,"35":7,"36":7,"37":7,"38":0,"39":0,"40":0,"41":0,"42":7,"43":0,"44":0,"45":0,"46":0,"47":0,"48":0,"49":7,"50":7,"51":0,"52":0,"53":0,"54":0,"55":0,"56":0,"57":0,"58":7,"59":20,"60":7,"61":7,"62":7,"63":7,"64":7},"f":{"0":7,"1":4,"2":7,"3":0,"4":0,"5":10,"6":3,"7":0,"8":7,"9":7,"10":0,"11":0,"12":0,"13":0,"14":7,"15":0,"16":0,"17":20,"18":7},"b":{"0":[0,7],"1":[0,0],"2":[0,7],"3":[0,0],"4":[0,3],"5":[0,0],"6":[0,7],"7":[0,0],"8":[0,0],"9":[0,7],"10":[0,0],"11":[0,0],"12":[7,7],"13":[7,0]}}
,"E:\\Jennifer\\other\\vue3-json-schema-form\\lib\\SchemaItem.tsx": {"path":"E:\\Jennifer\\other\\vue3-json-schema-form\\lib\\SchemaItem.tsx","statementMap":{"0":{"start":{"line":1,"column":0},"end":{"line":1,"column":null}},"1":{"start":{"line":3,"column":0},"end":{"line":3,"column":null}},"2":{"start":{"line":4,"column":0},"end":{"line":4,"column":null}},"3":{"start":{"line":5,"column":0},"end":{"line":5,"column":null}},"4":{"start":{"line":6,"column":0},"end":{"line":6,"column":null}},"5":{"start":{"line":7,"column":0},"end":{"line":7,"column":null}},"6":{"start":{"line":8,"column":0},"end":{"line":8,"column":null}},"7":{"start":{"line":9,"column":0},"end":{"line":9,"column":null}},"8":{"start":{"line":12,"column":15},"end":{"line":12,"column":31}},"9":{"start":{"line":17,"column":28},"end":{"line":17,"column":null}},"10":{"start":{"line":21,"column":35},"end":{"line":21,"column":44}},"11":{"start":{"line":22,"column":48},"end":{"line":22,"column":null}},"12":{"start":{"line":23,"column":12},"end":{"line":23,"column":19}},"13":{"start":{"line":25,"column":8},"end":{"line":25,"column":15}},"14":{"start":{"line":26,"column":29},"end":{"line":26,"column":null}},"15":{"start":{"line":27,"column":36},"end":{"line":27,"column":null}},"16":{"start":{"line":31,"column":25},"end":{"line":31,"column":null}},"17":{"start":{"line":33,"column":12},"end":{"line":33,"column":20}},"18":{"start":{"line":35,"column":20},"end":{"line":35,"column":29}},"19":{"start":{"line":36,"column":20},"end":{"line":36,"column":null}},"20":{"start":{"line":38,"column":20},"end":{"line":38,"column":29}},"21":{"start":{"line":39,"column":20},"end":{"line":39,"column":null}},"22":{"start":{"line":41,"column":20},"end":{"line":41,"column":29}},"23":{"start":{"line":42,"column":20},"end":{"line":42,"column":null}},"24":{"start":{"line":44,"column":20},"end":{"line":44,"column":29}},"25":{"start":{"line":45,"column":20},"end":{"line":45,"column":null}},"26":{"start":{"line":47,"column":20},"end":{"line":47,"column":27}},"27":{"start":{"line":48,"column":20},"end":{"line":48,"column":null}},"28":{"start":{"line":50,"column":12},"end":{"line":50,"column":19}}},"fnMap":{"0":{"name":"(anonymous_0)","decl":{"start":{"line":16,"column":4},"end":{"line":16,"column":9}},"loc":{"start":{"line":16,"column":37},"end":{"line":52,"column":null}}},"1":{"name":"(anonymous_1)","decl":{"start":{"line":21,"column":44},"end":{"line":21,"column":49}},"loc":{"start":{"line":21,"column":49},"end":{"line":24,"column":null}}},"2":{"name":"(anonymous_2)","decl":{"start":{"line":25,"column":15},"end":{"line":25,"column":20}},"loc":{"start":{"line":25,"column":20},"end":{"line":51,"column":null}}}},"branchMap":{"0":{"loc":{"start":{"line":34,"column":16},"end":{"line":36,"column":null}},"type":"switch","locations":[{"start":{"line":34,"column":16},"end":{"line":36,"column":null}},{"start":{"line":37,"column":16},"end":{"line":39,"column":null}},{"start":{"line":40,"column":16},"end":{"line":42,"column":null}},{"start":{"line":43,"column":16},"end":{"line":45,"column":null}},{"start":{"line":46,"column":16},"end":{"line":48,"column":null}}]}},"s":{"0":3,"1":3,"2":3,"3":3,"4":3,"5":3,"6":3,"7":3,"8":3,"9":17,"10":17,"11":20,"12":20,"13":17,"14":23,"15":23,"16":23,"17":23,"18":9,"19":9,"20":8,"21":8,"22":3,"23":3,"24":3,"25":3,"26":0,"27":0,"28":23},"f":{"0":17,"1":20,"2":23},"b":{"0":[9,8,3,3,0]}}
,"E:\\Jennifer\\other\\vue3-json-schema-form\\lib\\context.ts": {"path":"E:\\Jennifer\\other\\vue3-json-schema-form\\lib\\context.ts","statementMap":{"0":{"start":{"line":1,"column":0},"end":{"line":1,"column":null}},"1":{"start":{"line":6,"column":36},"end":{"line":6,"column":null}},"2":{"start":{"line":18,"column":20},"end":{"line":18,"column":27}},"3":{"start":{"line":20,"column":4},"end":{"line":22,"column":null}},"4":{"start":{"line":21,"column":8},"end":{"line":21,"column":14}},"5":{"start":{"line":24,"column":4},"end":{"line":24,"column":11}}},"fnMap":{"0":{"name":"useVJSFContext","decl":{"start":{"line":9,"column":16},"end":{"line":9,"column":30}},"loc":{"start":{"line":9,"column":30},"end":{"line":25,"column":null}}}},"branchMap":{"0":{"loc":{"start":{"line":20,"column":4},"end":{"line":22,"column":null}},"type":"if","locations":[{"start":{"line":20,"column":4},"end":{"line":22,"column":null}},{"start":{"line":20,"column":4},"end":{"line":22,"column":null}}]}},"s":{"0":3,"1":3,"2":40,"3":40,"4":0,"5":40},"f":{"0":40},"b":{"0":[0,40]}}
,"E:\\Jennifer\\other\\vue3-json-schema-form\\lib\\index.ts": {"path":"E:\\Jennifer\\other\\vue3-json-schema-form\\lib\\index.ts","statementMap":{"0":{"start":{"line":1,"column":0},"end":{"line":1,"column":null}},"1":{"start":{"line":2,"column":0},"end":{"line":2,"column":null}},"2":{"start":{"line":3,"column":0},"end":{"line":3,"column":null}},"3":{"start":{"line":4,"column":0},"end":{"line":4,"column":null}},"4":{"start":{"line":5,"column":0},"end":{"line":5,"column":null}},"5":{"start":{"line":6,"column":0},"end":{"line":6,"column":null}},"6":{"start":{"line":7,"column":0},"end":{"line":7,"column":null}},"7":{"start":{"line":9,"column":0},"end":{"line":9,"column":null}}},"fnMap":{"0":{"name":"(anonymous_7)","decl":{"start":{"line":9,"column":0},"end":{"line":9,"column":null}},"loc":{"start":{"line":9,"column":0},"end":{"line":9,"column":null}}}},"branchMap":{"0":{"loc":{"start":{"line":9,"column":0},"end":{"line":9,"column":null}},"type":"if","locations":[{"start":{"line":9,"column":0},"end":{"line":9,"column":null}},{"start":{"line":9,"column":0},"end":{"line":9,"column":null}}]}},"s":{"0":3,"1":3,"2":3,"3":3,"4":3,"5":3,"6":3,"7":78},"f":{"0":18},"b":{"0":[36,72]}}
,"E:\\Jennifer\\other\\vue3-json-schema-form\\lib\\theme.tsx": {"path":"E:\\Jennifer\\other\\vue3-json-schema-form\\lib\\theme.tsx","statementMap":{"0":{"start":{"line":1,"column":0},"end":{"line":1,"column":null}},"1":{"start":{"line":2,"column":0},"end":{"line":2,"column":null}},"2":{"start":{"line":6,"column":0},"end":{"line":6,"column":null}},"3":{"start":{"line":8,"column":27},"end":{"line":8,"column":null}},"4":{"start":{"line":11,"column":22},"end":{"line":11,"column":38}},"5":{"start":{"line":21,"column":27},"end":{"line":21,"column":36}},"6":{"start":{"line":21,"column":42},"end":{"line":21,"column":null}},"7":{"start":{"line":22,"column":8},"end":{"line":22,"column":16}},"8":{"start":{"line":23,"column":8},"end":{"line":23,"column":15}},"9":{"start":{"line":24,"column":12},"end":{"line":24,"column":null}},"10":{"start":{"line":38,"column":24},"end":{"line":38,"column":null}},"11":{"start":{"line":40,"column":4},"end":{"line":64,"column":null}},"12":{"start":{"line":42,"column":35},"end":{"line":42,"column":null}},"13":{"start":{"line":43,"column":8},"end":{"line":45,"column":null}},"14":{"start":{"line":44,"column":12},"end":{"line":44,"column":19}},"15":{"start":{"line":47,"column":8},"end":{"line":63,"column":null}},"16":{"start":{"line":60,"column":12},"end":{"line":62,"column":null}},"17":{"start":{"line":61,"column":16},"end":{"line":61,"column":23}},"18":{"start":{"line":67,"column":55},"end":{"line":67,"column":82}},"19":{"start":{"line":69,"column":4},"end":{"line":71,"column":null}},"20":{"start":{"line":70,"column":8},"end":{"line":70,"column":14}},"21":{"start":{"line":72,"column":22},"end":{"line":72,"column":31}},"22":{"start":{"line":73,"column":8},"end":{"line":73,"column":15}},"23":{"start":{"line":75,"column":4},"end":{"line":75,"column":11}},"24":{"start":{"line":78,"column":15},"end":{"line":78,"column":null}}},"fnMap":{"0":{"name":"(anonymous_0)","decl":{"start":{"line":19,"column":4},"end":{"line":19,"column":9}},"loc":{"start":{"line":19,"column":24},"end":{"line":30,"column":null}}},"1":{"name":"(anonymous_1)","decl":{"start":{"line":21,"column":36},"end":{"line":21,"column":42}},"loc":{"start":{"line":21,"column":42},"end":{"line":21,"column":null}}},"2":{"name":"(anonymous_2)","decl":{"start":{"line":23,"column":15},"end":{"line":23,"column":20}},"loc":{"start":{"line":23,"column":20},"end":{"line":29,"column":null}}},"3":{"name":"getWidgetRef","decl":{"start":{"line":33,"column":16},"end":{"line":33,"column":null}},"loc":{"start":{"line":35,"column":53},"end":{"line":76,"column":null}}},"4":{"name":"(anonymous_4)","decl":{"start":{"line":72,"column":31},"end":{"line":72,"column":36}},"loc":{"start":{"line":72,"column":36},"end":{"line":74,"column":null}}}},"branchMap":{"0":{"loc":{"start":{"line":27,"column":16},"end":{"line":27,"column":33}},"type":"binary-expr","locations":[{"start":{"line":27,"column":16},"end":{"line":27,"column":33}},{"start":{"line":27,"column":33},"end":{"line":27,"column":38}}]},"1":{"loc":{"start":{"line":40,"column":4},"end":{"line":64,"column":null}},"type":"if","locations":[{"start":{"line":40,"column":4},"end":{"line":64,"column":null}},{"start":{"line":40,"column":4},"end":{"line":64,"column":null}}]},"2":{"loc":{"start":{"line":43,"column":8},"end":{"line":45,"column":null}},"type":"if","locations":[{"start":{"line":43,"column":8},"end":{"line":45,"column":null}},{"start":{"line":43,"column":8},"end":{"line":45,"column":null}}]},"3":{"loc":{"start":{"line":43,"column":11},"end":{"line":43,"column":21}},"type":"binary-expr","locations":[{"start":{"line":43,"column":11},"end":{"line":43,"column":21}},{"start":{"line":43,"column":11},"end":{"line":43,"column":21}},{"start":{"line":43,"column":11},"end":{"line":43,"column":31}},{"start":{"line":43,"column":31},"end":{"line":43,"column":40}}]},"4":{"loc":{"start":{"line":47,"column":8},"end":{"line":63,"column":null}},"type":"if","locations":[{"start":{"line":47,"column":8},"end":{"line":63,"column":null}},{"start":{"line":47,"column":8},"end":{"line":63,"column":null}}]},"5":{"loc":{"start":{"line":60,"column":12},"end":{"line":62,"column":null}},"type":"if","locations":[{"start":{"line":60,"column":12},"end":{"line":62,"column":null}},{"start":{"line":60,"column":12},"end":{"line":62,"column":null}}]},"6":{"loc":{"start":{"line":69,"column":4},"end":{"line":71,"column":null}},"type":"if","locations":[{"start":{"line":69,"column":4},"end":{"line":71,"column":null}},{"start":{"line":69,"column":4},"end":{"line":71,"column":null}}]}},"s":{"0":3,"1":3,"2":3,"3":3,"4":3,"5":7,"6":7,"7":7,"8":7,"9":7,"10":17,"11":17,"12":9,"13":9,"14":0,"15":9,"16":0,"17":0,"18":17,"19":17,"20":0,"21":17,"22":17,"23":17,"24":3},"f":{"0":7,"1":7,"2":7,"3":17,"4":17},"b":{"0":[7,7],"1":[9,8],"2":[0,9],"3":[9,9,9,0],"4":[0,9],"5":[0,0],"6":[0,17]}}
,"E:\\Jennifer\\other\\vue3-json-schema-form\\lib\\types.ts": {"path":"E:\\Jennifer\\other\\vue3-json-schema-form\\lib\\types.ts","statementMap":{"0":{"start":{"line":7,"column":0},"end":{"line":7,"column":12}},"1":{"start":{"line":8,"column":4},"end":{"line":8,"column":null}},"2":{"start":{"line":9,"column":4},"end":{"line":9,"column":null}},"3":{"start":{"line":10,"column":4},"end":{"line":10,"column":null}},"4":{"start":{"line":11,"column":4},"end":{"line":11,"column":null}},"5":{"start":{"line":12,"column":4},"end":{"line":12,"column":null}},"6":{"start":{"line":13,"column":4},"end":{"line":13,"column":null}},"7":{"start":{"line":56,"column":32},"end":{"line":56,"column":null}},"8":{"start":{"line":85,"column":39},"end":{"line":85,"column":null}},"9":{"start":{"line":108,"column":42},"end":{"line":108,"column":null}},"10":{"start":{"line":122,"column":0},"end":{"line":122,"column":12}},"11":{"start":{"line":123,"column":2},"end":{"line":123,"column":null}},"12":{"start":{"line":125,"column":0},"end":{"line":125,"column":12}},"13":{"start":{"line":126,"column":2},"end":{"line":126,"column":null}},"14":{"start":{"line":127,"column":2},"end":{"line":127,"column":null}}},"fnMap":{"0":{"name":"(anonymous_0)","decl":{"start":{"line":7,"column":0},"end":{"line":7,"column":12}},"loc":{"start":{"line":7,"column":23},"end":{"line":14,"column":null}}},"1":{"name":"(anonymous_1)","decl":{"start":{"line":122,"column":0},"end":{"line":122,"column":12}},"loc":{"start":{"line":122,"column":32},"end":{"line":124,"column":null}}},"2":{"name":"(anonymous_2)","decl":{"start":{"line":125,"column":0},"end":{"line":125,"column":12}},"loc":{"start":{"line":125,"column":29},"end":{"line":128,"column":null}}}},"branchMap":{"0":{"loc":{"start":{"line":7,"column":12},"end":{"line":7,"column":23}},"type":"binary-expr","locations":[{"start":{"line":7,"column":12},"end":{"line":7,"column":23}},{"start":{"line":7,"column":23},"end":{"line":7,"column":null}}]},"1":{"loc":{"start":{"line":122,"column":12},"end":{"line":122,"column":32}},"type":"binary-expr","locations":[{"start":{"line":122,"column":12},"end":{"line":122,"column":32}},{"start":{"line":122,"column":32},"end":{"line":122,"column":null}}]},"2":{"loc":{"start":{"line":125,"column":12},"end":{"line":125,"column":29}},"type":"binary-expr","locations":[{"start":{"line":125,"column":12},"end":{"line":125,"column":29}},{"start":{"line":125,"column":29},"end":{"line":125,"column":null}}]}},"s":{"0":3,"1":3,"2":3,"3":3,"4":3,"5":3,"6":3,"7":3,"8":3,"9":3,"10":3,"11":3,"12":3,"13":3,"14":3},"f":{"0":3,"1":3,"2":3},"b":{"0":[3,3],"1":[3,3],"2":[3,3]}}
,"E:\\Jennifer\\other\\vue3-json-schema-form\\lib\\utils.ts": {"path":"E:\\Jennifer\\other\\vue3-json-schema-form\\lib\\utils.ts","statementMap":{"0":{"start":{"line":3,"column":0},"end":{"line":3,"column":null}},"1":{"start":{"line":7,"column":0},"end":{"line":7,"column":null}},"2":{"start":{"line":8,"column":0},"end":{"line":8,"column":null}},"3":{"start":{"line":9,"column":0},"end":{"line":9,"column":null}},"4":{"start":{"line":12,"column":2},"end":{"line":12,"column":9}},"5":{"start":{"line":16,"column":2},"end":{"line":16,"column":9}},"6":{"start":{"line":24,"column":2},"end":{"line":24,"column":9}},"7":{"start":{"line":31,"column":24},"end":{"line":31,"column":28}},"8":{"start":{"line":33,"column":16},"end":{"line":33,"column":31}},"9":{"start":{"line":34,"column":2},"end":{"line":34,"column":9}},"10":{"start":{"line":43,"column":2},"end":{"line":58,"column":null}},"11":{"start":{"line":44,"column":4},"end":{"line":44,"column":11}},"12":{"start":{"line":45,"column":9},"end":{"line":58,"column":null}},"13":{"start":{"line":46,"column":27},"end":{"line":46,"column":47}},"14":{"start":{"line":47,"column":4},"end":{"line":47,"column":11}},"15":{"start":{"line":48,"column":9},"end":{"line":58,"column":null}},"16":{"start":{"line":49,"column":4},"end":{"line":49,"column":11}},"17":{"start":{"line":52,"column":8},"end":{"line":52,"column":23}},"18":{"start":{"line":57,"column":4},"end":{"line":57,"column":11}},"19":{"start":{"line":67,"column":2},"end":{"line":69,"column":null}},"20":{"start":{"line":68,"column":4},"end":{"line":68,"column":11}},"21":{"start":{"line":70,"column":23},"end":{"line":70,"column":37}},"22":{"start":{"line":73,"column":2},"end":{"line":85,"column":null}},"23":{"start":{"line":74,"column":4},"end":{"line":84,"column":null}},"24":{"start":{"line":75,"column":6},"end":{"line":75,"column":20}},"25":{"start":{"line":81,"column":6},"end":{"line":81,"column":13}},"26":{"start":{"line":82,"column":55},"end":{"line":82,"column":null}},"27":{"start":{"line":83,"column":6},"end":{"line":83,"column":13}},"28":{"start":{"line":87,"column":4},"end":{"line":88,"column":null}},"29":{"start":{"line":89,"column":2},"end":{"line":96,"column":null}},"30":{"start":{"line":91,"column":4},"end":{"line":91,"column":11}},"31":{"start":{"line":97,"column":2},"end":{"line":97,"column":9}},"32":{"start":{"line":100,"column":40},"end":{"line":100,"column":null}},"33":{"start":{"line":108,"column":2},"end":{"line":108,"column":8}},"34":{"start":{"line":113,"column":2},"end":{"line":113,"column":8}},"35":{"start":{"line":114,"column":4},"end":{"line":117,"column":null}},"36":{"start":{"line":116,"column":6},"end":{"line":116,"column":null}},"37":{"start":{"line":120,"column":4},"end":{"line":130,"column":null}},"38":{"start":{"line":121,"column":6},"end":{"line":121,"column":26}},"39":{"start":{"line":126,"column":11},"end":{"line":130,"column":null}},"40":{"start":{"line":127,"column":6},"end":{"line":127,"column":26}},"41":{"start":{"line":129,"column":6},"end":{"line":129,"column":26}},"42":{"start":{"line":133,"column":6},"end":{"line":133,"column":20}},"43":{"start":{"line":135,"column":6},"end":{"line":135,"column":20}},"44":{"start":{"line":138,"column":2},"end":{"line":138,"column":9}},"45":{"start":{"line":156,"column":21},"end":{"line":156,"column":42}},"46":{"start":{"line":158,"column":35},"end":{"line":158,"column":null}},"47":{"start":{"line":160,"column":2},"end":{"line":160,"column":9}},"48":{"start":{"line":164,"column":18},"end":{"line":164,"column":null}},"49":{"start":{"line":165,"column":2},"end":{"line":170,"column":null}},"50":{"start":{"line":167,"column":4},"end":{"line":167,"column":8}},"51":{"start":{"line":169,"column":4},"end":{"line":169,"column":10}},"52":{"start":{"line":171,"column":18},"end":{"line":171,"column":30}},"53":{"start":{"line":172,"column":2},"end":{"line":174,"column":null}},"54":{"start":{"line":173,"column":4},"end":{"line":173,"column":10}},"55":{"start":{"line":175,"column":2},"end":{"line":178,"column":null}},"56":{"start":{"line":177,"column":4},"end":{"line":177,"column":11}},"57":{"start":{"line":179,"column":2},"end":{"line":179,"column":9}},"58":{"start":{"line":188,"column":49},"end":{"line":188,"column":56}},"59":{"start":{"line":189,"column":2},"end":{"line":199,"column":null}},"60":{"start":{"line":190,"column":4},"end":{"line":190,"column":18}},"61":{"start":{"line":194,"column":9},"end":{"line":199,"column":null}},"62":{"start":{"line":195,"column":4},"end":{"line":195,"column":18}},"63":{"start":{"line":200,"column":2},"end":{"line":200,"column":9}},"64":{"start":{"line":209,"column":2},"end":{"line":242,"column":null}},"65":{"start":{"line":211,"column":4},"end":{"line":213,"column":null}},"66":{"start":{"line":212,"column":6},"end":{"line":212,"column":null}},"67":{"start":{"line":215,"column":4},"end":{"line":220,"column":null}},"68":{"start":{"line":219,"column":6},"end":{"line":219,"column":null}},"69":{"start":{"line":224,"column":8},"end":{"line":224,"column":null}},"70":{"start":{"line":225,"column":4},"end":{"line":235,"column":null}},"71":{"start":{"line":226,"column":6},"end":{"line":226,"column":20}},"72":{"start":{"line":227,"column":11},"end":{"line":235,"column":null}},"73":{"start":{"line":228,"column":6},"end":{"line":228,"column":20}},"74":{"start":{"line":236,"column":4},"end":{"line":236,"column":11}},"75":{"start":{"line":243,"column":2},"end":{"line":243,"column":9}},"76":{"start":{"line":247,"column":2},"end":{"line":249,"column":null}},"77":{"start":{"line":248,"column":4},"end":{"line":248,"column":11}},"78":{"start":{"line":250,"column":19},"end":{"line":252,"column":null}},"79":{"start":{"line":253,"column":2},"end":{"line":253,"column":9}},"80":{"start":{"line":264,"column":40},"end":{"line":264,"column":null}},"81":{"start":{"line":269,"column":2},"end":{"line":269,"column":8}},"82":{"start":{"line":271,"column":2},"end":{"line":275,"column":null}},"83":{"start":{"line":272,"column":4},"end":{"line":272,"column":11}},"84":{"start":{"line":273,"column":9},"end":{"line":275,"column":null}},"85":{"start":{"line":274,"column":4},"end":{"line":274,"column":10}},"86":{"start":{"line":277,"column":24},"end":{"line":277,"column":29}},"87":{"start":{"line":278,"column":4},"end":{"line":280,"column":null}},"88":{"start":{"line":282,"column":2},"end":{"line":282,"column":9}},"89":{"start":{"line":298,"column":26},"end":{"line":298,"column":31}},"90":{"start":{"line":299,"column":4},"end":{"line":301,"column":null}},"91":{"start":{"line":300,"column":6},"end":{"line":300,"column":13}},"92":{"start":{"line":302,"column":57},"end":{"line":302,"column":null}},"93":{"start":{"line":303,"column":4},"end":{"line":313,"column":null}},"94":{"start":{"line":304,"column":30},"end":{"line":304,"column":null}},"95":{"start":{"line":311,"column":25},"end":{"line":311,"column":38}},"96":{"start":{"line":312,"column":6},"end":{"line":312,"column":13}},"97":{"start":{"line":315,"column":2},"end":{"line":320,"column":null}},"98":{"start":{"line":316,"column":4},"end":{"line":316,"column":11}},"99":{"start":{"line":319,"column":4},"end":{"line":319,"column":11}},"100":{"start":{"line":322,"column":20},"end":{"line":322,"column":36}},"101":{"start":{"line":326,"column":6},"end":{"line":326,"column":null}},"102":{"start":{"line":327,"column":26},"end":{"line":327,"column":28}},"103":{"start":{"line":328,"column":2},"end":{"line":328,"column":9}},"104":{"start":{"line":341,"column":14},"end":{"line":341,"column":20}},"105":{"start":{"line":342,"column":2},"end":{"line":342,"column":9}},"106":{"start":{"line":343,"column":17},"end":{"line":343,"column":null}},"107":{"start":{"line":344,"column":14},"end":{"line":344,"column":19}},"108":{"start":{"line":345,"column":4},"end":{"line":360,"column":null}},"109":{"start":{"line":346,"column":6},"end":{"line":346,"column":9}},"110":{"start":{"line":347,"column":11},"end":{"line":360,"column":null}},"111":{"start":{"line":357,"column":6},"end":{"line":357,"column":9}},"112":{"start":{"line":359,"column":6},"end":{"line":359,"column":9}},"113":{"start":{"line":361,"column":4},"end":{"line":361,"column":11}},"114":{"start":{"line":375,"column":19},"end":{"line":375,"column":null}},"115":{"start":{"line":377,"column":2},"end":{"line":379,"column":null}},"116":{"start":{"line":378,"column":4},"end":{"line":378,"column":11}},"117":{"start":{"line":381,"column":2},"end":{"line":383,"column":null}},"118":{"start":{"line":382,"column":4},"end":{"line":382,"column":11}},"119":{"start":{"line":385,"column":2},"end":{"line":387,"column":null}},"120":{"start":{"line":386,"column":4},"end":{"line":386,"column":11}},"121":{"start":{"line":389,"column":17},"end":{"line":389,"column":null}},"122":{"start":{"line":390,"column":2},"end":{"line":392,"column":null}},"123":{"start":{"line":391,"column":4},"end":{"line":391,"column":11}},"124":{"start":{"line":391,"column":28},"end":{"line":391,"column":null}},"125":{"start":{"line":394,"column":2},"end":{"line":394,"column":9}},"126":{"start":{"line":423,"column":25},"end":{"line":439,"column":null}},"127":{"start":{"line":424,"column":2},"end":{"line":436,"column":null}},"128":{"start":{"line":425,"column":4},"end":{"line":425,"column":11}},"129":{"start":{"line":426,"column":9},"end":{"line":436,"column":null}},"130":{"start":{"line":427,"column":4},"end":{"line":427,"column":11}},"131":{"start":{"line":428,"column":9},"end":{"line":436,"column":null}},"132":{"start":{"line":429,"column":4},"end":{"line":429,"column":11}},"133":{"start":{"line":430,"column":9},"end":{"line":436,"column":null}},"134":{"start":{"line":431,"column":4},"end":{"line":431,"column":11}},"135":{"start":{"line":432,"column":9},"end":{"line":436,"column":null}},"136":{"start":{"line":433,"column":4},"end":{"line":433,"column":11}},"137":{"start":{"line":434,"column":9},"end":{"line":436,"column":null}},"138":{"start":{"line":435,"column":4},"end":{"line":435,"column":11}},"139":{"start":{"line":438,"column":2},"end":{"line":438,"column":9}},"140":{"start":{"line":442,"column":2},"end":{"line":442,"column":null}},"141":{"start":{"line":449,"column":17},"end":{"line":449,"column":32}},"142":{"start":{"line":450,"column":21},"end":{"line":450,"column":null}},"143":{"start":{"line":451,"column":2},"end":{"line":455,"column":null}},"144":{"start":{"line":452,"column":4},"end":{"line":452,"column":11}},"145":{"start":{"line":453,"column":9},"end":{"line":455,"column":null}},"146":{"start":{"line":454,"column":4},"end":{"line":454,"column":11}},"147":{"start":{"line":454,"column":44},"end":{"line":454,"column":55}},"148":{"start":{"line":456,"column":2},"end":{"line":456,"column":9}},"149":{"start":{"line":460,"column":2},"end":{"line":462,"column":null}},"150":{"start":{"line":461,"column":4},"end":{"line":461,"column":11}},"151":{"start":{"line":463,"column":2},"end":{"line":463,"column":9}},"152":{"start":{"line":472,"column":2},"end":{"line":522,"column":null}},"153":{"start":{"line":472,"column":15},"end":{"line":472,"column":18}},"154":{"start":{"line":473,"column":19},"end":{"line":473,"column":27}},"155":{"start":{"line":482,"column":4},"end":{"line":521,"column":null}},"156":{"start":{"line":485,"column":28},"end":{"line":485,"column":null}},"157":{"start":{"line":486,"column":60},"end":{"line":486,"column":null}},"158":{"start":{"line":494,"column":6},"end":{"line":510,"column":null}},"159":{"start":{"line":496,"column":36},"end":{"line":496,"column":null}},"160":{"start":{"line":498,"column":8},"end":{"line":503,"column":null}},"161":{"start":{"line":499,"column":10},"end":{"line":499,"column":22}},"162":{"start":{"line":502,"column":10},"end":{"line":502,"column":22}},"163":{"start":{"line":505,"column":8},"end":{"line":505,"column":20}},"164":{"start":{"line":507,"column":8},"end":{"line":507,"column":23}},"165":{"start":{"line":509,"column":8},"end":{"line":509,"column":23}},"166":{"start":{"line":514,"column":6},"end":{"line":514,"column":13}},"167":{"start":{"line":516,"column":6},"end":{"line":518,"column":null}},"168":{"start":{"line":517,"column":8},"end":{"line":517,"column":15}},"169":{"start":{"line":519,"column":11},"end":{"line":521,"column":null}},"170":{"start":{"line":520,"column":6},"end":{"line":520,"column":13}},"171":{"start":{"line":523,"column":2},"end":{"line":523,"column":9}},"172":{"start":{"line":527,"column":2},"end":{"line":548,"column":null}},"173":{"start":{"line":528,"column":4},"end":{"line":530,"column":null}},"174":{"start":{"line":529,"column":6},"end":{"line":529,"column":14}},"175":{"start":{"line":531,"column":4},"end":{"line":531,"column":11}},"176":{"start":{"line":532,"column":6},"end":{"line":534,"column":null}},"177":{"start":{"line":533,"column":8},"end":{"line":533,"column":15}},"178":{"start":{"line":535,"column":6},"end":{"line":535,"column":13}},"179":{"start":{"line":537,"column":9},"end":{"line":548,"column":null}},"180":{"start":{"line":538,"column":16},"end":{"line":538,"column":22}},"181":{"start":{"line":539,"column":4},"end":{"line":539,"column":11}},"182":{"start":{"line":540,"column":6},"end":{"line":540,"column":9}},"183":{"start":{"line":544,"column":6},"end":{"line":544,"column":13}},"184":{"start":{"line":547,"column":4},"end":{"line":547,"column":11}},"185":{"start":{"line":557,"column":2},"end":{"line":559,"column":null}},"186":{"start":{"line":558,"column":4},"end":{"line":558,"column":10}},"187":{"start":{"line":561,"column":19},"end":{"line":561,"column":null}},"188":{"start":{"line":570,"column":2},"end":{"line":573,"column":null}},"189":{"start":{"line":572,"column":4},"end":{"line":572,"column":11}},"190":{"start":{"line":574,"column":2},"end":{"line":576,"column":null}},"191":{"start":{"line":575,"column":4},"end":{"line":575,"column":11}},"192":{"start":{"line":577,"column":2},"end":{"line":579,"column":null}},"193":{"start":{"line":578,"column":4},"end":{"line":578,"column":11}},"194":{"start":{"line":580,"column":2},"end":{"line":580,"column":9}}},"fnMap":{"0":{"name":"isObject","decl":{"start":{"line":11,"column":16},"end":{"line":11,"column":25}},"loc":{"start":{"line":11,"column":35},"end":{"line":13,"column":null}}},"1":{"name":"isEmptyObject","decl":{"start":{"line":15,"column":16},"end":{"line":15,"column":30}},"loc":{"start":{"line":15,"column":40},"end":{"line":17,"column":null}}},"2":{"name":"hasOwnProperty","decl":{"start":{"line":19,"column":16},"end":{"line":19,"column":31}},"loc":{"start":{"line":19,"column":52},"end":{"line":25,"column":null}}},"3":{"name":"validateData","decl":{"start":{"line":32,"column":16},"end":{"line":32,"column":29}},"loc":{"start":{"line":32,"column":51},"end":{"line":38,"column":null}}},"4":{"name":"resolveSchema","decl":{"start":{"line":42,"column":16},"end":{"line":42,"column":30}},"loc":{"start":{"line":42,"column":76},"end":{"line":59,"column":null}}},"5":{"name":"(anonymous_5)","decl":{"start":{"line":51,"column":31},"end":{"line":51,"column":null}},"loc":{"start":{"line":52,"column":8},"end":{"line":52,"column":23}}},"6":{"name":"retrieveSchema","decl":{"start":{"line":62,"column":16},"end":{"line":62,"column":null}},"loc":{"start":{"line":65,"column":20},"end":{"line":98,"column":null}}},"7":{"name":"stubExistingAdditionalProperties","decl":{"start":{"line":102,"column":16},"end":{"line":102,"column":null}},"loc":{"start":{"line":105,"column":20},"end":{"line":139,"column":null}}},"8":{"name":"(anonymous_8)","decl":{"start":{"line":113,"column":33},"end":{"line":113,"column":40}},"loc":{"start":{"line":113,"column":40},"end":{"line":136,"column":null}}},"9":{"name":"resolveReference","decl":{"start":{"line":154,"column":9},"end":{"line":154,"column":26}},"loc":{"start":{"line":154,"column":69},"end":{"line":161,"column":null}}},"10":{"name":"findSchemaDefinition","decl":{"start":{"line":163,"column":16},"end":{"line":163,"column":37}},"loc":{"start":{"line":163,"column":66},"end":{"line":180,"column":null}}},"11":{"name":"resolveDependencies","decl":{"start":{"line":182,"column":9},"end":{"line":182,"column":null}},"loc":{"start":{"line":185,"column":15},"end":{"line":201,"column":null}}},"12":{"name":"processDependencies","decl":{"start":{"line":202,"column":9},"end":{"line":202,"column":null}},"loc":{"start":{"line":206,"column":15},"end":{"line":244,"column":null}}},"13":{"name":"withDependentProperties","decl":{"start":{"line":246,"column":9},"end":{"line":246,"column":33}},"loc":{"start":{"line":246,"column":71},"end":{"line":254,"column":null}}},"14":{"name":"withDependentSchema","decl":{"start":{"line":256,"column":9},"end":{"line":256,"column":null}},"loc":{"start":{"line":261,"column":22},"end":{"line":289,"column":null}}},"15":{"name":"(anonymous_15)","decl":{"start":{"line":277,"column":35},"end":{"line":277,"column":null}},"loc":{"start":{"line":278,"column":4},"end":{"line":280,"column":null}}},"16":{"name":"withExactlyOneSubschema","decl":{"start":{"line":291,"column":9},"end":{"line":291,"column":null}},"loc":{"start":{"line":296,"column":12},"end":{"line":333,"column":null}}},"17":{"name":"(anonymous_17)","decl":{"start":{"line":298,"column":40},"end":{"line":298,"column":58}},"loc":{"start":{"line":298,"column":58},"end":{"line":314,"column":null}}},"18":{"name":"mergeSchemas","decl":{"start":{"line":340,"column":16},"end":{"line":340,"column":29}},"loc":{"start":{"line":340,"column":49},"end":{"line":363,"column":null}}},"19":{"name":"(anonymous_19)","decl":{"start":{"line":342,"column":34},"end":{"line":342,"column":35}},"loc":{"start":{"line":342,"column":47},"end":{"line":362,"column":5}}},"20":{"name":"getSchemaType","decl":{"start":{"line":374,"column":16},"end":{"line":374,"column":30}},"loc":{"start":{"line":374,"column":44},"end":{"line":419,"column":null}}},"21":{"name":"(anonymous_21)","decl":{"start":{"line":391,"column":19},"end":{"line":391,"column":28}},"loc":{"start":{"line":391,"column":28},"end":{"line":391,"column":null}}},"22":{"name":"guessType","decl":{"start":{"line":423,"column":34},"end":{"line":423,"column":44}},"loc":{"start":{"line":423,"column":54},"end":{"line":439,"column":null}}},"23":{"name":"isConstant","decl":{"start":{"line":441,"column":16},"end":{"line":441,"column":27}},"loc":{"start":{"line":441,"column":41},"end":{"line":446,"column":null}}},"24":{"name":"isSelect","decl":{"start":{"line":448,"column":16},"end":{"line":448,"column":25}},"loc":{"start":{"line":448,"column":62},"end":{"line":457,"column":null}}},"25":{"name":"(anonymous_25)","decl":{"start":{"line":454,"column":29},"end":{"line":454,"column":44}},"loc":{"start":{"line":454,"column":44},"end":{"line":454,"column":55}}},"26":{"name":"isMultiSelect","decl":{"start":{"line":459,"column":16},"end":{"line":459,"column":30}},"loc":{"start":{"line":459,"column":69},"end":{"line":464,"column":null}}},"27":{"name":"getMatchingOption","decl":{"start":{"line":467,"column":16},"end":{"line":467,"column":null}},"loc":{"start":{"line":470,"column":49},"end":{"line":524,"column":null}}},"28":{"name":"(anonymous_28)","decl":{"start":{"line":486,"column":51},"end":{"line":486,"column":60}},"loc":{"start":{"line":486,"column":60},"end":{"line":486,"column":null}}},"29":{"name":"mergeDefaultsWithFormData","decl":{"start":{"line":526,"column":16},"end":{"line":526,"column":42}},"loc":{"start":{"line":526,"column":70},"end":{"line":549,"column":null}}},"30":{"name":"(anonymous_30)","decl":{"start":{"line":531,"column":24},"end":{"line":531,"column":25}},"loc":{"start":{"line":531,"column":39},"end":{"line":536,"column":null}}},"31":{"name":"(anonymous_31)","decl":{"start":{"line":539,"column":40},"end":{"line":539,"column":41}},"loc":{"start":{"line":539,"column":53},"end":{"line":545,"column":7}}},"32":{"name":"getDefaultFormState","decl":{"start":{"line":551,"column":16},"end":{"line":551,"column":null}},"loc":{"start":{"line":553,"column":15},"end":{"line":581,"column":null}}}},"branchMap":{"0":{"loc":{"start":{"line":12,"column":9},"end":{"line":12,"column":38}},"type":"binary-expr","locations":[{"start":{"line":12,"column":9},"end":{"line":12,"column":38}},{"start":{"line":12,"column":38},"end":{"line":12,"column":56}},{"start":{"line":12,"column":56},"end":{"line":12,"column":62}}]},"1":{"loc":{"start":{"line":16,"column":9},"end":{"line":16,"column":18}},"type":"binary-expr","locations":[{"start":{"line":16,"column":9},"end":{"line":16,"column":18}},{"start":{"line":16,"column":28},"end":{"line":16,"column":null}}]},"2":{"loc":{"start":{"line":42,"column":59},"end":{"line":42,"column":63}},"type":"default-arg","locations":[{"start":{"line":42,"column":59},"end":{"line":42,"column":63}}]},"3":{"loc":{"start":{"line":42,"column":74},"end":{"line":42,"column":76}},"type":"default-arg","locations":[{"start":{"line":42,"column":74},"end":{"line":42,"column":76}}]},"4":{"loc":{"start":{"line":43,"column":2},"end":{"line":58,"column":null}},"type":"if","locations":[{"start":{"line":43,"column":2},"end":{"line":58,"column":null}},{"start":{"line":43,"column":2},"end":{"line":58,"column":null}}]},"5":{"loc":{"start":{"line":45,"column":9},"end":{"line":58,"column":null}},"type":"if","locations":[{"start":{"line":45,"column":9},"end":{"line":58,"column":null}},{"start":{"line":45,"column":9},"end":{"line":58,"column":null}}]},"6":{"loc":{"start":{"line":48,"column":9},"end":{"line":58,"column":null}},"type":"if","locations":[{"start":{"line":48,"column":9},"end":{"line":58,"column":null}},{"start":{"line":48,"column":9},"end":{"line":58,"column":null}}]},"7":{"loc":{"start":{"line":48,"column":13},"end":{"line":48,"column":28}},"type":"binary-expr","locations":[{"start":{"line":48,"column":13},"end":{"line":48,"column":28}},{"start":{"line":48,"column":48},"end":{"line":48,"column":53}}]},"8":{"loc":{"start":{"line":64,"column":15},"end":{"line":64,"column":null}},"type":"default-arg","locations":[{"start":{"line":64,"column":15},"end":{"line":64,"column":null}}]},"9":{"loc":{"start":{"line":65,"column":18},"end":{"line":65,"column":20}},"type":"default-arg","locations":[{"start":{"line":65,"column":18},"end":{"line":65,"column":20}}]},"10":{"loc":{"start":{"line":67,"column":2},"end":{"line":69,"column":null}},"type":"if","locations":[{"start":{"line":67,"column":2},"end":{"line":69,"column":null}},{"start":{"line":67,"column":2},"end":{"line":69,"column":null}}]},"11":{"loc":{"start":{"line":73,"column":2},"end":{"line":85,"column":null}},"type":"if","locations":[{"start":{"line":73,"column":2},"end":{"line":85,"column":null}},{"start":{"line":73,"column":2},"end":{"line":85,"column":null}}]},"12":{"loc":{"start":{"line":87,"column":4},"end":{"line":87,"column":18}},"type":"binary-expr","locations":[{"start":{"line":87,"column":4},"end":{"line":87,"column":18}},{"start":{"line":88,"column":4},"end":{"line":88,"column":null}}]},"13":{"loc":{"start":{"line":89,"column":2},"end":{"line":96,"column":null}},"type":"if","locations":[{"start":{"line":89,"column":2},"end":{"line":96,"column":null}},{"start":{"line":89,"column":2},"end":{"line":96,"column":null}}]},"14":{"loc":{"start":{"line":104,"column":23},"end":{"line":104,"column":null}},"type":"default-arg","locations":[{"start":{"line":104,"column":23},"end":{"line":104,"column":null}}]},"15":{"loc":{"start":{"line":105,"column":18},"end":{"line":105,"column":20}},"type":"default-arg","locations":[{"start":{"line":105,"column":18},"end":{"line":105,"column":20}}]},"16":{"loc":{"start":{"line":114,"column":4},"end":{"line":117,"column":null}},"type":"if","locations":[{"start":{"line":114,"column":4},"end":{"line":117,"column":null}},{"start":{"line":114,"column":4},"end":{"line":117,"column":null}}]},"17":{"loc":{"start":{"line":120,"column":4},"end":{"line":130,"column":null}},"type":"if","locations":[{"start":{"line":120,"column":4},"end":{"line":130,"column":null}},{"start":{"line":120,"column":4},"end":{"line":130,"column":null}}]},"18":{"loc":{"start":{"line":126,"column":11},"end":{"line":130,"column":null}},"type":"if","locations":[{"start":{"line":126,"column":11},"end":{"line":130,"column":null}},{"start":{"line":126,"column":11},"end":{"line":130,"column":null}}]},"19":{"loc":{"start":{"line":163,"column":64},"end":{"line":163,"column":66}},"type":"default-arg","locations":[{"start":{"line":163,"column":64},"end":{"line":163,"column":66}}]},"20":{"loc":{"start":{"line":165,"column":2},"end":{"line":170,"column":null}},"type":"if","locations":[{"start":{"line":165,"column":2},"end":{"line":170,"column":null}},{"start":{"line":165,"column":2},"end":{"line":170,"column":null}}]},"21":{"loc":{"start":{"line":172,"column":2},"end":{"line":174,"column":null}},"type":"if","locations":[{"start":{"line":172,"column":2},"end":{"line":174,"column":null}},{"start":{"line":172,"column":2},"end":{"line":174,"column":null}}]},"22":{"loc":{"start":{"line":175,"column":2},"end":{"line":178,"column":null}},"type":"if","locations":[{"start":{"line":175,"column":2},"end":{"line":178,"column":null}},{"start":{"line":175,"column":2},"end":{"line":178,"column":null}}]},"23":{"loc":{"start":{"line":188,"column":23},"end":{"line":188,"column":27}},"type":"default-arg","locations":[{"start":{"line":188,"column":23},"end":{"line":188,"column":27}}]},"24":{"loc":{"start":{"line":189,"column":2},"end":{"line":199,"column":null}},"type":"if","locations":[{"start":{"line":189,"column":2},"end":{"line":199,"column":null}},{"start":{"line":189,"column":2},"end":{"line":199,"column":null}}]},"25":{"loc":{"start":{"line":194,"column":9},"end":{"line":199,"column":null}},"type":"if","locations":[{"start":{"line":194,"column":9},"end":{"line":199,"column":null}},{"start":{"line":194,"column":9},"end":{"line":199,"column":null}}]},"26":{"loc":{"start":{"line":211,"column":4},"end":{"line":213,"column":null}},"type":"if","locations":[{"start":{"line":211,"column":4},"end":{"line":213,"column":null}},{"start":{"line":211,"column":4},"end":{"line":213,"column":null}}]},"27":{"loc":{"start":{"line":215,"column":4},"end":{"line":220,"column":null}},"type":"if","locations":[{"start":{"line":215,"column":4},"end":{"line":220,"column":null}},{"start":{"line":215,"column":4},"end":{"line":220,"column":null}}]},"28":{"loc":{"start":{"line":216,"column":6},"end":{"line":216,"column":null}},"type":"binary-expr","locations":[{"start":{"line":216,"column":6},"end":{"line":216,"column":null}},{"start":{"line":217,"column":6},"end":{"line":217,"column":8}}]},"29":{"loc":{"start":{"line":225,"column":4},"end":{"line":235,"column":null}},"type":"if","locations":[{"start":{"line":225,"column":4},"end":{"line":235,"column":null}},{"start":{"line":225,"column":4},"end":{"line":235,"column":null}}]},"30":{"loc":{"start":{"line":227,"column":11},"end":{"line":235,"column":null}},"type":"if","locations":[{"start":{"line":227,"column":11},"end":{"line":235,"column":null}},{"start":{"line":227,"column":11},"end":{"line":235,"column":null}}]},"31":{"loc":{"start":{"line":247,"column":2},"end":{"line":249,"column":null}},"type":"if","locations":[{"start":{"line":247,"column":2},"end":{"line":249,"column":null}},{"start":{"line":247,"column":2},"end":{"line":249,"column":null}}]},"32":{"loc":{"start":{"line":251,"column":6},"end":{"line":251,"column":11}},"type":"cond-expr","locations":[{"start":{"line":251,"column":6},"end":{"line":251,"column":11}},{"start":{"line":252,"column":6},"end":{"line":252,"column":null}}]},"33":{"loc":{"start":{"line":271,"column":2},"end":{"line":275,"column":null}},"type":"if","locations":[{"start":{"line":271,"column":2},"end":{"line":275,"column":null}},{"start":{"line":271,"column":2},"end":{"line":275,"column":null}}]},"34":{"loc":{"start":{"line":273,"column":9},"end":{"line":275,"column":null}},"type":"if","locations":[{"start":{"line":273,"column":9},"end":{"line":275,"column":null}},{"start":{"line":273,"column":9},"end":{"line":275,"column":null}}]},"35":{"loc":{"start":{"line":279,"column":8},"end":{"line":279,"column":25}},"type":"cond-expr","locations":[{"start":{"line":279,"column":8},"end":{"line":279,"column":25}},{"start":{"line":280,"column":8},"end":{"line":280,"column":null}}]},"36":{"loc":{"start":{"line":299,"column":4},"end":{"line":301,"column":null}},"type":"if","locations":[{"start":{"line":299,"column":4},"end":{"line":301,"column":null}},{"start":{"line":299,"column":4},"end":{"line":301,"column":null}}]},"37":{"loc":{"start":{"line":303,"column":4},"end":{"line":313,"column":null}},"type":"if","locations":[{"start":{"line":303,"column":4},"end":{"line":313,"column":null}},{"start":{"line":303,"column":4},"end":{"line":313,"column":null}}]},"38":{"loc":{"start":{"line":312,"column":13},"end":{"line":312,"column":24}},"type":"binary-expr","locations":[{"start":{"line":312,"column":13},"end":{"line":312,"column":24}},{"start":{"line":312,"column":24},"end":{"line":312,"column":null}}]},"39":{"loc":{"start":{"line":315,"column":2},"end":{"line":320,"column":null}},"type":"if","locations":[{"start":{"line":315,"column":2},"end":{"line":320,"column":null}},{"start":{"line":315,"column":2},"end":{"line":320,"column":null}}]},"40":{"loc":{"start":{"line":343,"column":24},"end":{"line":343,"column":29}},"type":"cond-expr","locations":[{"start":{"line":343,"column":24},"end":{"line":343,"column":29}},{"start":{"line":343,"column":36},"end":{"line":343,"column":null}}]},"41":{"loc":{"start":{"line":345,"column":4},"end":{"line":360,"column":null}},"type":"if","locations":[{"start":{"line":345,"column":4},"end":{"line":360,"column":null}},{"start":{"line":345,"column":4},"end":{"line":360,"column":null}}]},"42":{"loc":{"start":{"line":345,"column":8},"end":{"line":345,"column":12}},"type":"binary-expr","locations":[{"start":{"line":345,"column":8},"end":{"line":345,"column":12}},{"start":{"line":345,"column":16},"end":{"line":345,"column":31}},{"start":{"line":345,"column":45},"end":{"line":345,"column":54}}]},"43":{"loc":{"start":{"line":347,"column":11},"end":{"line":360,"column":null}},"type":"if","locations":[{"start":{"line":347,"column":11},"end":{"line":360,"column":null}},{"start":{"line":347,"column":11},"end":{"line":360,"column":null}}]},"44":{"loc":{"start":{"line":348,"column":6},"end":{"line":348,"column":10}},"type":"binary-expr","locations":[{"start":{"line":348,"column":6},"end":{"line":348,"column":10}},{"start":{"line":349,"column":6},"end":{"line":349,"column":null}},{"start":{"line":350,"column":7},"end":{"line":350,"column":43}},{"start":{"line":350,"column":43},"end":{"line":350,"column":null}},{"start":{"line":351,"column":6},"end":{"line":351,"column":null}},{"start":{"line":352,"column":6},"end":{"line":352,"column":11}},{"start":{"line":353,"column":6},"end":{"line":353,"column":11}}]},"45":{"loc":{"start":{"line":377,"column":2},"end":{"line":379,"column":null}},"type":"if","locations":[{"start":{"line":377,"column":2},"end":{"line":379,"column":null}},{"start":{"line":377,"column":2},"end":{"line":379,"column":null}}]},"46":{"loc":{"start":{"line":377,"column":6},"end":{"line":377,"column":15}},"type":"binary-expr","locations":[{"start":{"line":377,"column":6},"end":{"line":377,"column":15}},{"start":{"line":377,"column":15},"end":{"line":377,"column":29}}]},"47":{"loc":{"start":{"line":381,"column":2},"end":{"line":383,"column":null}},"type":"if","locations":[{"start":{"line":381,"column":2},"end":{"line":383,"column":null}},{"start":{"line":381,"column":2},"end":{"line":383,"column":null}}]},"48":{"loc":{"start":{"line":381,"column":6},"end":{"line":381,"column":15}},"type":"binary-expr","locations":[{"start":{"line":381,"column":6},"end":{"line":381,"column":15}},{"start":{"line":381,"column":15},"end":{"line":381,"column":28}}]},"49":{"loc":{"start":{"line":385,"column":2},"end":{"line":387,"column":null}},"type":"if","locations":[{"start":{"line":385,"column":2},"end":{"line":387,"column":null}},{"start":{"line":385,"column":2},"end":{"line":387,"column":null}}]},"50":{"loc":{"start":{"line":385,"column":6},"end":{"line":385,"column":16}},"type":"binary-expr","locations":[{"start":{"line":385,"column":6},"end":{"line":385,"column":16}},{"start":{"line":385,"column":16},"end":{"line":385,"column":37}},{"start":{"line":385,"column":37},"end":{"line":385,"column":67}}]},"51":{"loc":{"start":{"line":390,"column":2},"end":{"line":392,"column":null}},"type":"if","locations":[{"start":{"line":390,"column":2},"end":{"line":392,"column":null}},{"start":{"line":390,"column":2},"end":{"line":392,"column":null}}]},"52":{"loc":{"start":{"line":390,"column":6},"end":{"line":390,"column":28}},"type":"binary-expr","locations":[{"start":{"line":390,"column":6},"end":{"line":390,"column":28}},{"start":{"line":390,"column":28},"end":{"line":390,"column":46}},{"start":{"line":390,"column":46},"end":{"line":390,"column":47}}]},"53":{"loc":{"start":{"line":424,"column":2},"end":{"line":436,"column":null}},"type":"if","locations":[{"start":{"line":424,"column":2},"end":{"line":436,"column":null}},{"start":{"line":424,"column":2},"end":{"line":436,"column":null}}]},"54":{"loc":{"start":{"line":426,"column":9},"end":{"line":436,"column":null}},"type":"if","locations":[{"start":{"line":426,"column":9},"end":{"line":436,"column":null}},{"start":{"line":426,"column":9},"end":{"line":436,"column":null}}]},"55":{"loc":{"start":{"line":428,"column":9},"end":{"line":436,"column":null}},"type":"if","locations":[{"start":{"line":428,"column":9},"end":{"line":436,"column":null}},{"start":{"line":428,"column":9},"end":{"line":436,"column":null}}]},"56":{"loc":{"start":{"line":430,"column":9},"end":{"line":436,"column":null}},"type":"if","locations":[{"start":{"line":430,"column":9},"end":{"line":436,"column":null}},{"start":{"line":430,"column":9},"end":{"line":436,"column":null}}]},"57":{"loc":{"start":{"line":432,"column":9},"end":{"line":436,"column":null}},"type":"if","locations":[{"start":{"line":432,"column":9},"end":{"line":436,"column":null}},{"start":{"line":432,"column":9},"end":{"line":436,"column":null}}]},"58":{"loc":{"start":{"line":434,"column":9},"end":{"line":436,"column":null}},"type":"if","locations":[{"start":{"line":434,"column":9},"end":{"line":436,"column":null}},{"start":{"line":434,"column":9},"end":{"line":436,"column":null}}]},"59":{"loc":{"start":{"line":443,"column":5},"end":{"line":443,"column":10}},"type":"binary-expr","locations":[{"start":{"line":443,"column":5},"end":{"line":443,"column":10}},{"start":{"line":443,"column":35},"end":{"line":443,"column":null}},{"start":{"line":444,"column":4},"end":{"line":444,"column":10}}]},"60":{"loc":{"start":{"line":448,"column":60},"end":{"line":448,"column":62}},"type":"default-arg","locations":[{"start":{"line":448,"column":60},"end":{"line":448,"column":62}}]},"61":{"loc":{"start":{"line":450,"column":21},"end":{"line":450,"column":37}},"type":"binary-expr","locations":[{"start":{"line":450,"column":21},"end":{"line":450,"column":37}},{"start":{"line":450,"column":37},"end":{"line":450,"column":null}}]},"62":{"loc":{"start":{"line":451,"column":2},"end":{"line":455,"column":null}},"type":"if","locations":[{"start":{"line":451,"column":2},"end":{"line":455,"column":null}},{"start":{"line":451,"column":2},"end":{"line":455,"column":null}}]},"63":{"loc":{"start":{"line":453,"column":9},"end":{"line":455,"column":null}},"type":"if","locations":[{"start":{"line":453,"column":9},"end":{"line":455,"column":null}},{"start":{"line":453,"column":9},"end":{"line":455,"column":null}}]},"64":{"loc":{"start":{"line":459,"column":67},"end":{"line":459,"column":69}},"type":"default-arg","locations":[{"start":{"line":459,"column":67},"end":{"line":459,"column":69}}]},"65":{"loc":{"start":{"line":460,"column":2},"end":{"line":462,"column":null}},"type":"if","locations":[{"start":{"line":460,"column":2},"end":{"line":462,"column":null}},{"start":{"line":460,"column":2},"end":{"line":462,"column":null}}]},"66":{"loc":{"start":{"line":460,"column":6},"end":{"line":460,"column":29}},"type":"binary-expr","locations":[{"start":{"line":460,"column":6},"end":{"line":460,"column":29}},{"start":{"line":460,"column":29},"end":{"line":460,"column":44}}]},"67":{"loc":{"start":{"line":482,"column":4},"end":{"line":521,"column":null}},"type":"if","locations":[{"start":{"line":482,"column":4},"end":{"line":521,"column":null}},{"start":{"line":482,"column":4},"end":{"line":521,"column":null}}]},"68":{"loc":{"start":{"line":494,"column":6},"end":{"line":510,"column":null}},"type":"if","locations":[{"start":{"line":494,"column":6},"end":{"line":510,"column":null}},{"start":{"line":494,"column":6},"end":{"line":510,"column":null}}]},"69":{"loc":{"start":{"line":498,"column":8},"end":{"line":503,"column":null}},"type":"if","locations":[{"start":{"line":498,"column":8},"end":{"line":503,"column":null}},{"start":{"line":498,"column":8},"end":{"line":503,"column":null}}]},"70":{"loc":{"start":{"line":516,"column":6},"end":{"line":518,"column":null}},"type":"if","locations":[{"start":{"line":516,"column":6},"end":{"line":518,"column":null}},{"start":{"line":516,"column":6},"end":{"line":518,"column":null}}]},"71":{"loc":{"start":{"line":519,"column":11},"end":{"line":521,"column":null}},"type":"if","locations":[{"start":{"line":519,"column":11},"end":{"line":521,"column":null}},{"start":{"line":519,"column":11},"end":{"line":521,"column":null}}]},"72":{"loc":{"start":{"line":527,"column":2},"end":{"line":548,"column":null}},"type":"if","locations":[{"start":{"line":527,"column":2},"end":{"line":548,"column":null}},{"start":{"line":527,"column":2},"end":{"line":548,"column":null}}]},"73":{"loc":{"start":{"line":528,"column":4},"end":{"line":530,"column":null}},"type":"if","locations":[{"start":{"line":528,"column":4},"end":{"line":530,"column":null}},{"start":{"line":528,"column":4},"end":{"line":530,"column":null}}]},"74":{"loc":{"start":{"line":532,"column":6},"end":{"line":534,"column":null}},"type":"if","locations":[{"start":{"line":532,"column":6},"end":{"line":534,"column":null}},{"start":{"line":532,"column":6},"end":{"line":534,"column":null}}]},"75":{"loc":{"start":{"line":537,"column":9},"end":{"line":548,"column":null}},"type":"if","locations":[{"start":{"line":537,"column":9},"end":{"line":548,"column":null}},{"start":{"line":537,"column":9},"end":{"line":548,"column":null}}]},"76":{"loc":{"start":{"line":541,"column":19},"end":{"line":541,"column":28}},"type":"cond-expr","locations":[{"start":{"line":541,"column":19},"end":{"line":541,"column":28}},{"start":{"line":541,"column":35},"end":{"line":541,"column":null}}]},"77":{"loc":{"start":{"line":557,"column":2},"end":{"line":559,"column":null}},"type":"if","locations":[{"start":{"line":557,"column":2},"end":{"line":559,"column":null}},{"start":{"line":557,"column":2},"end":{"line":559,"column":null}}]},"78":{"loc":{"start":{"line":570,"column":2},"end":{"line":573,"column":null}},"type":"if","locations":[{"start":{"line":570,"column":2},"end":{"line":573,"column":null}},{"start":{"line":570,"column":2},"end":{"line":573,"column":null}}]},"79":{"loc":{"start":{"line":574,"column":2},"end":{"line":576,"column":null}},"type":"if","locations":[{"start":{"line":574,"column":2},"end":{"line":576,"column":null}},{"start":{"line":574,"column":2},"end":{"line":576,"column":null}}]},"80":{"loc":{"start":{"line":574,"column":6},"end":{"line":574,"column":15}},"type":"binary-expr","locations":[{"start":{"line":574,"column":6},"end":{"line":574,"column":15}},{"start":{"line":574,"column":28},"end":{"line":574,"column":33}}]},"81":{"loc":{"start":{"line":577,"column":2},"end":{"line":579,"column":null}},"type":"if","locations":[{"start":{"line":577,"column":2},"end":{"line":579,"column":null}},{"start":{"line":577,"column":2},"end":{"line":579,"column":null}}]},"82":{"loc":{"start":{"line":577,"column":6},"end":{"line":577,"column":24}},"type":"binary-expr","locations":[{"start":{"line":577,"column":6},"end":{"line":577,"column":24}},{"start":{"line":577,"column":24},"end":{"line":577,"column":46}},{"start":{"line":577,"column":46},"end":{"line":577,"column":63}}]},"83":{"loc":{"start":{"line":580,"column":9},"end":{"line":580,"column":17}},"type":"binary-expr","locations":[{"start":{"line":580,"column":9},"end":{"line":580,"column":17}},{"start":{"line":580,"column":21},"end":{"line":580,"column":null}}]}},"s":{"0":3,"1":3,"2":3,"3":3,"4":29,"5":0,"6":60,"7":3,"8":0,"9":0,"10":20,"11":0,"12":20,"13":0,"14":0,"15":20,"16":0,"17":0,"18":20,"19":20,"20":0,"21":20,"22":20,"23":0,"24":0,"25":0,"26":0,"27":0,"28":20,"29":20,"30":0,"31":20,"32":3,"33":0,"34":0,"35":0,"36":0,"37":0,"38":0,"39":0,"40":0,"41":0,"42":0,"43":0,"44":0,"45":0,"46":0,"47":0,"48":0,"49":0,"50":0,"51":0,"52":0,"53":0,"54":0,"55":0,"56":0,"57":0,"58":0,"59":0,"60":0,"61":0,"62":0,"63":0,"64":0,"65":0,"66":0,"67":0,"68":0,"69":0,"70":0,"71":0,"72":0,"73":0,"74":0,"75":0,"76":0,"77":0,"78":0,"79":0,"80":0,"81":0,"82":0,"83":0,"84":0,"85":0,"86":0,"87":0,"88":0,"89":0,"90":0,"91":0,"92":0,"93":0,"94":0,"95":0,"96":0,"97":0,"98":0,"99":0,"100":0,"101":0,"102":0,"103":0,"104":0,"105":0,"106":0,"107":0,"108":0,"109":0,"110":0,"111":0,"112":0,"113":0,"114":0,"115":0,"116":0,"117":0,"118":0,"119":0,"120":0,"121":0,"122":0,"123":0,"124":0,"125":0,"126":3,"127":0,"128":0,"129":0,"130":0,"131":0,"132":0,"133":0,"134":0,"135":0,"136":0,"137":0,"138":0,"139":0,"140":0,"141":0,"142":0,"143":0,"144":0,"145":0,"146":0,"147":0,"148":0,"149":0,"150":0,"151":0,"152":0,"153":0,"154":0,"155":0,"156":0,"157":0,"158":0,"159":0,"160":0,"161":0,"162":0,"163":0,"164":0,"165":0,"166":0,"167":0,"168":0,"169":0,"170":0,"171":0,"172":0,"173":0,"174":0,"175":0,"176":0,"177":0,"178":0,"179":0,"180":0,"181":0,"182":0,"183":0,"184":0,"185":0,"186":0,"187":0,"188":0,"189":0,"190":0,"191":0,"192":0,"193":0,"194":0},"f":{"0":29,"1":0,"2":60,"3":0,"4":20,"5":0,"6":20,"7":0,"8":0,"9":0,"10":0,"11":0,"12":0,"13":0,"14":0,"15":0,"16":0,"17":0,"18":0,"19":0,"20":0,"21":0,"22":0,"23":0,"24":0,"25":0,"26":0,"27":0,"28":0,"29":0,"30":0,"31":0,"32":0},"b":{"0":[29,29,29],"1":[0,0],"2":[0],"3":[0],"4":[0,20],"5":[0,20],"6":[0,20],"7":[20,0],"8":[0],"9":[8],"10":[0,20],"11":[0,20],"12":[20,0],"13":[0,20],"14":[0],"15":[0],"16":[0,0],"17":[0,0],"18":[0,0],"19":[0],"20":[0,0],"21":[0,0],"22":[0,0],"23":[0],"24":[0,0],"25":[0,0],"26":[0,0],"27":[0,0],"28":[0,0],"29":[0,0],"30":[0,0],"31":[0,0],"32":[0,0],"33":[0,0],"34":[0,0],"35":[0,0],"36":[0,0],"37":[0,0],"38":[0,0],"39":[0,0],"40":[0,0],"41":[0,0],"42":[0,0,0],"43":[0,0],"44":[0,0,0,0,0,0,0],"45":[0,0],"46":[0,0],"47":[0,0],"48":[0,0],"49":[0,0],"50":[0,0,0],"51":[0,0],"52":[0,0,0],"53":[0,0],"54":[0,0],"55":[0,0],"56":[0,0],"57":[0,0],"58":[0,0],"59":[0,0,0],"60":[0],"61":[0,0],"62":[0,0],"63":[0,0],"64":[0],"65":[0,0],"66":[0,0],"67":[0,0],"68":[0,0],"69":[0,0],"70":[0,0],"71":[0,0],"72":[0,0],"73":[0,0],"74":[0,0],"75":[0,0],"76":[0,0],"77":[0,0],"78":[0,0],"79":[0,0],"80":[0,0],"81":[0,0],"82":[0,0,0],"83":[0,0]}}
,"E:\\Jennifer\\other\\vue3-json-schema-form\\lib\\validator.ts": {"path":"E:\\Jennifer\\other\\vue3-json-schema-form\\lib\\validator.ts","statementMap":{"0":{"start":{"line":2,"column":0},"end":{"line":2,"column":null}},"1":{"start":{"line":7,"column":0},"end":{"line":7,"column":null}},"2":{"start":{"line":4,"column":13},"end":{"line":4,"column":21}},"3":{"start":{"line":25,"column":2},"end":{"line":25,"column":32}},"4":{"start":{"line":25,"column":25},"end":{"line":25,"column":32}},"5":{"start":{"line":27,"column":2},"end":{"line":27,"column":9}},"6":{"start":{"line":28,"column":4},"end":{"line":28,"column":11}},"7":{"start":{"line":29,"column":34},"end":{"line":29,"column":null}},"8":{"start":{"line":30,"column":17},"end":{"line":30,"column":24}},"9":{"start":{"line":31,"column":4},"end":{"line":31,"column":11}},"10":{"start":{"line":32,"column":17},"end":{"line":32,"column":null}},"11":{"start":{"line":33,"column":4},"end":{"line":33,"column":11}},"12":{"start":{"line":37,"column":4},"end":{"line":39,"column":null}},"13":{"start":{"line":38,"column":6},"end":{"line":38,"column":10}},"14":{"start":{"line":46,"column":4},"end":{"line":54,"column":null}},"15":{"start":{"line":47,"column":6},"end":{"line":47,"column":13}},"16":{"start":{"line":48,"column":6},"end":{"line":50,"column":null}},"17":{"start":{"line":49,"column":10},"end":{"line":49,"column":24}},"18":{"start":{"line":51,"column":6},"end":{"line":51,"column":12}},"19":{"start":{"line":52,"column":6},"end":{"line":52,"column":13}},"20":{"start":{"line":53,"column":6},"end":{"line":53,"column":13}},"21":{"start":{"line":55,"column":4},"end":{"line":55,"column":11}},"22":{"start":{"line":56,"column":4},"end":{"line":56,"column":11}},"23":{"start":{"line":58,"column":4},"end":{"line":67,"column":null}},"24":{"start":{"line":62,"column":6},"end":{"line":62,"column":12}},"25":{"start":{"line":64,"column":6},"end":{"line":66,"column":null}},"26":{"start":{"line":65,"column":8},"end":{"line":65,"column":14}},"27":{"start":{"line":68,"column":4},"end":{"line":68,"column":11}},"28":{"start":{"line":75,"column":2},"end":{"line":75,"column":54}},"29":{"start":{"line":75,"column":47},"end":{"line":75,"column":54}},"30":{"start":{"line":77,"column":2},"end":{"line":77,"column":9}},"31":{"start":{"line":79,"column":20},"end":{"line":79,"column":null}},"32":{"start":{"line":81,"column":4},"end":{"line":81,"column":11}},"33":{"start":{"line":98,"column":24},"end":{"line":98,"column":null}},"34":{"start":{"line":100,"column":2},"end":{"line":104,"column":null}},"35":{"start":{"line":101,"column":4},"end":{"line":101,"column":13}},"36":{"start":{"line":103,"column":4},"end":{"line":103,"column":19}},"37":{"start":{"line":106,"column":2},"end":{"line":106,"column":6}},"38":{"start":{"line":108,"column":15},"end":{"line":108,"column":31}},"39":{"start":{"line":110,"column":2},"end":{"line":117,"column":null}},"40":{"start":{"line":111,"column":4},"end":{"line":111,"column":10}},"41":{"start":{"line":119,"column":22},"end":{"line":119,"column":36}},"42":{"start":{"line":121,"column":2},"end":{"line":127,"column":null}},"43":{"start":{"line":122,"column":4},"end":{"line":122,"column":11}},"44":{"start":{"line":138,"column":16},"end":{"line":138,"column":null}},"45":{"start":{"line":139,"column":2},"end":{"line":139,"column":8}},"46":{"start":{"line":141,"column":25},"end":{"line":141,"column":38}},"47":{"start":{"line":142,"column":2},"end":{"line":142,"column":9}},"48":{"start":{"line":153,"column":14},"end":{"line":153,"column":null}},"49":{"start":{"line":154,"column":2},"end":{"line":154,"column":9}},"50":{"start":{"line":158,"column":6},"end":{"line":167,"column":null}},"51":{"start":{"line":159,"column":8},"end":{"line":159,"column":15}},"52":{"start":{"line":160,"column":27},"end":{"line":160,"column":34}},"53":{"start":{"line":161,"column":10},"end":{"line":165,"column":null}},"54":{"start":{"line":162,"column":12},"end":{"line":162,"column":20}},"55":{"start":{"line":164,"column":13},"end":{"line":164,"column":27}},"56":{"start":{"line":170,"column":18},"end":{"line":170,"column":25}},"57":{"start":{"line":171,"column":6},"end":{"line":176,"column":null}},"58":{"start":{"line":172,"column":23},"end":{"line":172,"column":null}},"59":{"start":{"line":173,"column":10},"end":{"line":173,"column":24}},"60":{"start":{"line":175,"column":8},"end":{"line":175,"column":15}},"61":{"start":{"line":177,"column":6},"end":{"line":177,"column":13}},"62":{"start":{"line":185,"column":14},"end":{"line":185,"column":20}},"63":{"start":{"line":186,"column":2},"end":{"line":186,"column":9}},"64":{"start":{"line":187,"column":17},"end":{"line":187,"column":null}},"65":{"start":{"line":188,"column":14},"end":{"line":188,"column":19}},"66":{"start":{"line":189,"column":4},"end":{"line":195,"column":null}},"67":{"start":{"line":190,"column":6},"end":{"line":190,"column":9}},"68":{"start":{"line":191,"column":11},"end":{"line":195,"column":null}},"69":{"start":{"line":192,"column":6},"end":{"line":192,"column":9}},"70":{"start":{"line":194,"column":6},"end":{"line":194,"column":9}},"71":{"start":{"line":196,"column":4},"end":{"line":196,"column":11}}},"fnMap":{"0":{"name":"toErrorSchema","decl":{"start":{"line":24,"column":9},"end":{"line":24,"column":23}},"loc":{"start":{"line":24,"column":55},"end":{"line":70,"column":null}}},"1":{"name":"(anonymous_1)","decl":{"start":{"line":27,"column":23},"end":{"line":27,"column":24}},"loc":{"start":{"line":27,"column":46},"end":{"line":69,"column":5}}},"2":{"name":"transformErrors","decl":{"start":{"line":72,"column":9},"end":{"line":72,"column":null}},"loc":{"start":{"line":73,"column":42},"end":{"line":89,"column":null}}},"3":{"name":"(anonymous_3)","decl":{"start":{"line":77,"column":20},"end":{"line":77,"column":21}},"loc":{"start":{"line":77,"column":75},"end":{"line":88,"column":null}}},"4":{"name":"validateFormData","decl":{"start":{"line":91,"column":22},"end":{"line":91,"column":null}},"loc":{"start":{"line":96,"column":51},"end":{"line":147,"column":null}}},"5":{"name":"createErrorProxy","decl":{"start":{"line":152,"column":9},"end":{"line":152,"column":25}},"loc":{"start":{"line":152,"column":25},"end":{"line":180,"column":null}}},"6":{"name":"(anonymous_6)","decl":{"start":{"line":156,"column":4},"end":{"line":156,"column":7}},"loc":{"start":{"line":156,"column":28},"end":{"line":178,"column":null}}},"7":{"name":"(anonymous_7)","decl":{"start":{"line":159,"column":16},"end":{"line":159,"column":31}},"loc":{"start":{"line":159,"column":31},"end":{"line":166,"column":null}}},"8":{"name":"mergeObjects","decl":{"start":{"line":183,"column":16},"end":{"line":183,"column":29}},"loc":{"start":{"line":183,"column":71},"end":{"line":198,"column":null}}},"9":{"name":"(anonymous_9)","decl":{"start":{"line":186,"column":34},"end":{"line":186,"column":35}},"loc":{"start":{"line":186,"column":47},"end":{"line":197,"column":5}}}},"branchMap":{"0":{"loc":{"start":{"line":25,"column":2},"end":{"line":25,"column":32}},"type":"if","locations":[{"start":{"line":25,"column":2},"end":{"line":25,"column":32}},{"start":{"line":25,"column":2},"end":{"line":25,"column":32}}]},"1":{"loc":{"start":{"line":37,"column":4},"end":{"line":39,"column":null}},"type":"if","locations":[{"start":{"line":37,"column":4},"end":{"line":39,"column":null}},{"start":{"line":37,"column":4},"end":{"line":39,"column":null}}]},"2":{"loc":{"start":{"line":37,"column":8},"end":{"line":37,"column":27}},"type":"binary-expr","locations":[{"start":{"line":37,"column":8},"end":{"line":37,"column":27}},{"start":{"line":37,"column":27},"end":{"line":37,"column":43}}]},"3":{"loc":{"start":{"line":48,"column":6},"end":{"line":50,"column":null}},"type":"if","locations":[{"start":{"line":48,"column":6},"end":{"line":50,"column":null}},{"start":{"line":48,"column":6},"end":{"line":50,"column":null}}]},"4":{"loc":{"start":{"line":58,"column":4},"end":{"line":67,"column":null}},"type":"if","locations":[{"start":{"line":58,"column":4},"end":{"line":67,"column":null}},{"start":{"line":58,"column":4},"end":{"line":67,"column":null}}]},"5":{"loc":{"start":{"line":62,"column":47},"end":{"line":62,"column":54}},"type":"binary-expr","locations":[{"start":{"line":62,"column":47},"end":{"line":62,"column":54}},{"start":{"line":62,"column":58},"end":{"line":62,"column":null}}]},"6":{"loc":{"start":{"line":64,"column":6},"end":{"line":66,"column":null}},"type":"if","locations":[{"start":{"line":64,"column":6},"end":{"line":66,"column":null}},{"start":{"line":64,"column":6},"end":{"line":66,"column":null}}]},"7":{"loc":{"start":{"line":75,"column":2},"end":{"line":75,"column":54}},"type":"if","locations":[{"start":{"line":75,"column":2},"end":{"line":75,"column":54}},{"start":{"line":75,"column":2},"end":{"line":75,"column":54}}]},"8":{"loc":{"start":{"line":75,"column":6},"end":{"line":75,"column":25}},"type":"binary-expr","locations":[{"start":{"line":75,"column":6},"end":{"line":75,"column":25}},{"start":{"line":75,"column":25},"end":{"line":75,"column":47}}]},"9":{"loc":{"start":{"line":79,"column":31},"end":{"line":79,"column":39}},"type":"cond-expr","locations":[{"start":{"line":79,"column":31},"end":{"line":79,"column":39}},{"start":{"line":79,"column":56},"end":{"line":79,"column":null}}]},"10":{"loc":{"start":{"line":95,"column":11},"end":{"line":95,"column":null}},"type":"default-arg","locations":[{"start":{"line":95,"column":11},"end":{"line":95,"column":null}}]},"11":{"loc":{"start":{"line":110,"column":2},"end":{"line":117,"column":null}},"type":"if","locations":[{"start":{"line":110,"column":2},"end":{"line":117,"column":null}},{"start":{"line":110,"column":2},"end":{"line":117,"column":null}}]},"12":{"loc":{"start":{"line":121,"column":2},"end":{"line":127,"column":null}},"type":"if","locations":[{"start":{"line":121,"column":2},"end":{"line":127,"column":null}},{"start":{"line":121,"column":2},"end":{"line":127,"column":null}}]},"13":{"loc":{"start":{"line":158,"column":6},"end":{"line":167,"column":null}},"type":"if","locations":[{"start":{"line":158,"column":6},"end":{"line":167,"column":null}},{"start":{"line":158,"column":6},"end":{"line":167,"column":null}}]},"14":{"loc":{"start":{"line":161,"column":10},"end":{"line":165,"column":null}},"type":"if","locations":[{"start":{"line":161,"column":10},"end":{"line":165,"column":null}},{"start":{"line":161,"column":10},"end":{"line":165,"column":null}}]},"15":{"loc":{"start":{"line":161,"column":13},"end":{"line":161,"column":21}},"type":"binary-expr","locations":[{"start":{"line":161,"column":13},"end":{"line":161,"column":21}},{"start":{"line":161,"column":25},"end":{"line":161,"column":30}}]},"16":{"loc":{"start":{"line":171,"column":6},"end":{"line":176,"column":null}},"type":"if","locations":[{"start":{"line":171,"column":6},"end":{"line":176,"column":null}},{"start":{"line":171,"column":6},"end":{"line":176,"column":null}}]},"17":{"loc":{"start":{"line":183,"column":66},"end":{"line":183,"column":71}},"type":"default-arg","locations":[{"start":{"line":183,"column":66},"end":{"line":183,"column":71}}]},"18":{"loc":{"start":{"line":187,"column":24},"end":{"line":187,"column":29}},"type":"cond-expr","locations":[{"start":{"line":187,"column":24},"end":{"line":187,"column":29}},{"start":{"line":187,"column":36},"end":{"line":187,"column":null}}]},"19":{"loc":{"start":{"line":189,"column":4},"end":{"line":195,"column":null}},"type":"if","locations":[{"start":{"line":189,"column":4},"end":{"line":195,"column":null}},{"start":{"line":189,"column":4},"end":{"line":195,"column":null}}]},"20":{"loc":{"start":{"line":189,"column":8},"end":{"line":189,"column":12}},"type":"binary-expr","locations":[{"start":{"line":189,"column":8},"end":{"line":189,"column":12}},{"start":{"line":189,"column":16},"end":{"line":189,"column":20}}
[...]
,"E:\\Jennifer\\other\\vue3-json-schema-form\\lib\\fields\\StringField.tsx": {"path":"E:\\Jennifer\\other\\vue3-json-schema-form\\lib\\fields\\StringField.tsx","statementMap":{"0":{"start":{"line":1,"column":0},"end":{"line":1,"column":null}},"1":{"start":{"line":3,"column":0},"end":{"line":3,"column":null}},"2":{"start":{"line":4,"column":0},"end":{"line":4,"column":null}},"3":{"start":{"line":6,"column":15},"end":{"line":6,"column":31}},"4":{"start":{"line":11,"column":30},"end":{"line":15,"column":null}},"5":{"start":{"line":14,"column":12},"end":{"line":14,"column":17}},"6":{"start":{"line":17,"column":30},"end":{"line":17,"column":39}},"7":{"start":{"line":18,"column":30},"end":{"line":18,"column":43}},"8":{"start":{"line":19,"column":12},"end":{"line":19,"column":19}},"9":{"start":{"line":23,"column":33},"end":{"line":23,"column":42}},"10":{"start":{"line":24,"column":57},"end":{"line":24,"column":null}},"11":{"start":{"line":25,"column":12},"end":{"line":25,"column":19}},"12":{"start":{"line":28,"column":8},"end":{"line":28,"column":15}},"13":{"start":{"line":29,"column":63},"end":{"line":29,"column":null}},"14":{"start":{"line":30,"column":31},"end":{"line":30,"column":null}},"15":{"start":{"line":31,"column":12},"end":{"line":31,"column":null}}},"fnMap":{"0":{"name":"(anonymous_0)","decl":{"start":{"line":9,"column":4},"end":{"line":9,"column":9}},"loc":{"start":{"line":9,"column":37},"end":{"line":48,"column":null}}},"1":{"name":"(anonymous_1)","decl":{"start":{"line":11,"column":30},"end":{"line":11,"column":43}},"loc":{"start":{"line":11,"column":43},"end":{"line":15,"column":null}}},"2":{"name":"(anonymous_2)","decl":{"start":{"line":17,"column":39},"end":{"line":17,"column":44}},"loc":{"start":{"line":17,"column":44},"end":{"line":20,"column":null}}},"3":{"name":"(anonymous_3)","decl":{"start":{"line":23,"column":42},"end":{"line":23,"column":47}},"loc":{"start":{"line":23,"column":47},"end":{"line":26,"column":null}}},"4":{"name":"(anonymous_4)","decl":{"start":{"line":28,"column":15},"end":{"line":28,"column":20}},"loc":{"start":{"line":28,"column":20},"end":{"line":47,"column":null}}}},"branchMap":{},"s":{"0":3,"1":3,"2":3,"3":3,"4":6,"5":0,"6":6,"7":9,"8":9,"9":6,"10":9,"11":9,"12":6,"13":9,"14":9,"15":9},"f":{"0":6,"1":0,"2":9,"3":9,"4":9},"b":{}}
,"E:\\Jennifer\\other\\vue3-json-schema-form\\lib\\theme-default\\FormItem.tsx": {"path":"E:\\Jennifer\\other\\vue3-json-schema-form\\lib\\theme-default\\FormItem.tsx","statementMap":{"0":{"start":{"line":1,"column":0},"end":{"line":1,"column":null}},"1":{"start":{"line":2,"column":0},"end":{"line":2,"column":null}},"2":{"start":{"line":3,"column":0},"end":{"line":3,"column":null}},"3":{"start":{"line":5,"column":18},"end":{"line":5,"column":34}},"4":{"start":{"line":21,"column":18},"end":{"line":21,"column":34}},"5":{"start":{"line":25,"column":27},"end":{"line":25,"column":null}},"6":{"start":{"line":26,"column":8},"end":{"line":26,"column":15}},"7":{"start":{"line":27,"column":37},"end":{"line":27,"column":null}},"8":{"start":{"line":28,"column":28},"end":{"line":28,"column":null}},"9":{"start":{"line":29,"column":12},"end":{"line":29,"column":20}},"10":{"start":{"line":33,"column":40},"end":{"line":33,"column":45}},"11":{"start":{"line":40,"column":15},"end":{"line":40,"column":null}},"12":{"start":{"line":43,"column":4},"end":{"line":43,"column":11}},"13":{"start":{"line":47,"column":12},"end":{"line":47,"column":19}},"14":{"start":{"line":48,"column":16},"end":{"line":48,"column":23}},"15":{"start":{"line":48,"column":23},"end":{"line":48,"column":37}}},"fnMap":{"0":{"name":"(anonymous_1)","decl":{"start":{"line":24,"column":4},"end":{"line":24,"column":9}},"loc":{"start":{"line":24,"column":24},"end":{"line":37,"column":null}}},"1":{"name":"(anonymous_2)","decl":{"start":{"line":26,"column":15},"end":{"line":26,"column":20}},"loc":{"start":{"line":26,"column":20},"end":{"line":36,"column":null}}},"2":{"name":"(anonymous_3)","decl":{"start":{"line":33,"column":33},"end":{"line":33,"column":36}},"loc":{"start":{"line":33,"column":40},"end":{"line":33,"column":45}}},"3":{"name":"(anonymous_4)","decl":{"start":{"line":33,"column":40},"end":{"line":33,"column":45}},"loc":{"start":{"line":33,"column":40},"end":{"line":33,"column":45}}},"4":{"name":"withFormItem","decl":{"start":{"line":42,"column":16},"end":{"line":42,"column":29}},"loc":{"start":{"line":42,"column":40},"end":{"line":57,"column":null}}},"5":{"name":"(anonymous_6)","decl":{"start":{"line":46,"column":8},"end":{"line":46,"column":13}},"loc":{"start":{"line":46,"column":28},"end":{"line":53,"column":null}}},"6":{"name":"(anonymous_7)","decl":{"start":{"line":47,"column":19},"end":{"line":47,"column":24}},"loc":{"start":{"line":47,"column":24},"end":{"line":52,"column":null}}},"7":{"name":"(anonymous_8)","decl":{"start":{"line":48,"column":23},"end":{"line":48,"column":37}},"loc":{"start":{"line":48,"column":23},"end":{"line":48,"column":37}}}},"branchMap":{"0":{"loc":{"start":{"line":31,"column":17},"end":{"line":31,"column":34}},"type":"binary-expr","locations":[{"start":{"line":31,"column":17},"end":{"line":31,"column":34}},{"start":{"line":31,"column":34},"end":{"line":31,"column":39}}]},"1":{"loc":{"start":{"line":32,"column":16},"end":{"line":32,"column":27}},"type":"cond-expr","locations":[{"start":{"line":32,"column":16},"end":{"line":32,"column":27}},{"start":{"line":33,"column":21},"end":{"line":33,"column":27}}]},"2":{"loc":{"start":{"line":33,"column":21},"end":{"line":32,"column":27}},"type":"binary-expr","locations":[{"start":{"line":33,"column":21},"end":{"line":32,"column":27}},{"start":{"line":33,"column":21},"end":{"line":32,"column":27}}]},"3":{"loc":{"start":{"line":33,"column":45},"end":{"line":33,"column":null}},"type":"cond-expr","locations":[{"start":{"line":33,"column":45},"end":{"line":33,"column":null}},{"start":{"line":33,"column":40},"end":{"line":33,"column":45}}]},"4":{"loc":{"start":{"line":48,"column":23},"end":{"line":48,"column":37}},"type":"cond-expr","locations":[{"start":{"line":48,"column":23},"end":{"line":48,"column":37}},{"start":{"line":48,"column":23},"end":{"line":48,"column":37}}]}},"s":{"0":3,"1":3,"2":3,"3":3,"4":3,"5":12,"6":12,"7":18,"8":18,"9":18,"10":0,"11":3,"12":9,"13":12,"14":18,"15":18},"f":{"0":12,"1":18,"2":0,"3":0,"4":9,"5":12,"6":18,"7":18},"b":{"0":[18,18],"1":[18,0],"2":[18,18],"3":[0,0],"4":[0,18]}}
,"E:\\Jennifer\\other\\vue3-json-schema-form\\lib\\theme-default\\NumberWidget.tsx": {"path":"E:\\Jennifer\\other\\vue3-json-schema-form\\lib\\theme-default\\NumberWidget.tsx","statementMap":{"0":{"start":{"line":1,"column":0},"end":{"line":1,"column":null}},"1":{"start":{"line":2,"column":0},"end":{"line":2,"column":null}},"2":{"start":{"line":4,"column":0},"end":{"line":4,"column":null}},"3":{"start":{"line":6,"column":39},"end":{"line":6,"column":55}},"4":{"start":{"line":10,"column":8},"end":{"line":10,"column":15}},"5":{"start":{"line":11,"column":34},"end":{"line":15,"column":null}},"6":{"start":{"line":12,"column":30},"end":{"line":12,"column":null}},"7":{"start":{"line":14,"column":16},"end":{"line":14,"column":21}},"8":{"start":{"line":17,"column":12},"end":{"line":17,"column":null}},"9":{"start":{"line":28,"column":15},"end":{"line":28,"column":28}}},"fnMap":{"0":{"name":"(anonymous_0)","decl":{"start":{"line":9,"column":4},"end":{"line":9,"column":9}},"loc":{"start":{"line":9,"column":15},"end":{"line":25,"column":null}}},"1":{"name":"(anonymous_1)","decl":{"start":{"line":10,"column":15},"end":{"line":10,"column":20}},"loc":{"start":{"line":10,"column":20},"end":{"line":24,"column":null}}},"2":{"name":"(anonymous_2)","decl":{"start":{"line":11,"column":34},"end":{"line":11,"column":44}},"loc":{"start":{"line":11,"column":44},"end":{"line":15,"column":null}}}},"branchMap":{},"s":{"0":3,"1":3,"2":3,"3":3,"4":5,"5":8,"6":1,"7":1,"8":8,"9":3},"f":{"0":5,"1":8,"2":1},"b":{}}
,"E:\\Jennifer\\other\\vue3-json-schema-form\\lib\\theme-default\\SelectionWidget.tsx": {"path":"E:\\Jennifer\\other\\vue3-json-schema-form\\lib\\theme-default\\SelectionWidget.tsx","statementMap":{"0":{"start":{"line":1,"column":0},"end":{"line":1,"column":null}},"1":{"start":{"line":3,"column":0},"end":{"line":3,"column":null}},"2":{"start":{"line":4,"column":0},"end":{"line":4,"column":null}},"3":{"start":{"line":6,"column":39},"end":{"line":6,"column":55}},"4":{"start":{"line":10,"column":32},"end":{"line":10,"column":36}},"5":{"start":{"line":11,"column":8},"end":{"line":11,"column":14}},"6":{"start":{"line":12,"column":12},"end":{"line":14,"column":null}},"7":{"start":{"line":13,"column":16},"end":{"line":13,"column":21}},"8":{"start":{"line":16,"column":8},"end":{"line":16,"column":null}},"9":{"start":{"line":17,"column":18},"end":{"line":17,"column":null}},"10":{"start":{"line":19,"column":16},"end":{"line":21,"column":null}},"11":{"start":{"line":20,"column":20},"end":{"line":20,"column":35}},"12":{"start":{"line":24,"column":8},"end":{"line":24,"column":15}},"13":{"start":{"line":25,"column":30},"end":{"line":25,"column":null}},"14":{"start":{"line":28,"column":12},"end":{"line":28,"column":null}},"15":{"start":{"line":29,"column":49},"end":{"line":29,"column":34}},"16":{"start":{"line":31,"column":24},"end":{"line":31,"column":39}},"17":{"start":{"line":39,"column":15},"end":{"line":39,"column":28}}},"fnMap":{"0":{"name":"(anonymous_0)","decl":{"start":{"line":9,"column":4},"end":{"line":9,"column":9}},"loc":{"start":{"line":9,"column":37},"end":{"line":36,"column":null}}},"1":{"name":"(anonymous_1)","decl":{"start":{"line":11,"column":31},"end":{"line":11,"column":32}},"loc":{"start":{"line":11,"column":46},"end":{"line":15,"column":null}}},"2":{"name":"(anonymous_2)","decl":{"start":{"line":17,"column":12},"end":{"line":17,"column":18}},"loc":{"start":{"line":17,"column":18},"end":{"line":17,"column":null}}},"3":{"name":"(anonymous_3)","decl":{"start":{"line":18,"column":13},"end":{"line":18,"column":18}},"loc":{"start":{"line":18,"column":18},"end":{"line":22,"column":null}}},"4":{"name":"(anonymous_4)","decl":{"start":{"line":24,"column":15},"end":{"line":24,"column":20}},"loc":{"start":{"line":24,"column":20},"end":{"line":35,"column":null}}},"5":{"name":"(anonymous_5)","decl":{"start":{"line":29,"column":16},"end":{"line":29,"column":34}},"loc":{"start":{"line":29,"column":49},"end":{"line":29,"column":34}}},"6":{"name":"(anonymous_6)","decl":{"start":{"line":30,"column":33},"end":{"line":30,"column":36}},"loc":{"start":{"line":31,"column":24},"end":{"line":31,"column":39}}}},"branchMap":{"0":{"loc":{"start":{"line":12,"column":12},"end":{"line":14,"column":null}},"type":"if","locations":[{"start":{"line":12,"column":12},"end":{"line":14,"column":null}},{"start":{"line":12,"column":12},"end":{"line":14,"column":null}}]},"1":{"loc":{"start":{"line":19,"column":16},"end":{"line":21,"column":null}},"type":"if","locations":[{"start":{"line":19,"column":16},"end":{"line":21,"column":null}},{"start":{"line":19,"column":16},"end":{"line":21,"column":null}}]}},"s":{"0":3,"1":3,"2":3,"3":3,"4":1,"5":1,"6":0,"7":0,"8":1,"9":1,"10":0,"11":0,"12":1,"13":1,"14":1,"15":0,"16":3,"17":3},"f":{"0":1,"1":0,"2":1,"3":0,"4":1,"5":0,"6":3},"b":{"0":[0,0],"1":[0,0]}}
,"E:\\Jennifer\\other\\vue3-json-schema-form\\lib\\theme-default\\TextWidget.tsx": {"path":"E:\\Jennifer\\other\\vue3-json-schema-form\\lib\\theme-default\\TextWidget.tsx","statementMap":{"0":{"start":{"line":1,"column":0},"end":{"line":1,"column":null}},"1":{"start":{"line":2,"column":0},"end":{"line":2,"column":null}},"2":{"start":{"line":4,"column":0},"end":{"line":4,"column":null}},"3":{"start":{"line":6,"column":37},"end":{"line":6,"column":53}},"4":{"start":{"line":10,"column":8},"end":{"line":10,"column":15}},"5":{"start":{"line":11,"column":34},"end":{"line":30,"column":null}},"6":{"start":{"line":12,"column":30},"end":{"line":12,"column":null}},"7":{"start":{"line":19,"column":16},"end":{"line":19,"column":21}},"8":{"start":{"line":32,"column":29},"end":{"line":32,"column":38}},"9":{"start":{"line":33,"column":16},"end":{"line":33,"column":23}},"10":{"start":{"line":38,"column":12},"end":{"line":38,"column":null}},"11":{"start":{"line":50,"column":15},"end":{"line":50,"column":28}}},"fnMap":{"0":{"name":"(anonymous_0)","decl":{"start":{"line":9,"column":4},"end":{"line":9,"column":9}},"loc":{"start":{"line":9,"column":15},"end":{"line":47,"column":null}}},"1":{"name":"(anonymous_1)","decl":{"start":{"line":10,"column":15},"end":{"line":10,"column":20}},"loc":{"start":{"line":10,"column":20},"end":{"line":46,"column":null}}},"2":{"name":"(anonymous_2)","decl":{"start":{"line":11,"column":34},"end":{"line":11,"column":44}},"loc":{"start":{"line":11,"column":44},"end":{"line":30,"column":null}}},"3":{"name":"(anonymous_3)","decl":{"start":{"line":32,"column":38},"end":{"line":32,"column":43}},"loc":{"start":{"line":32,"column":43},"end":{"line":36,"column":null}}}},"branchMap":{"0":{"loc":{"start":{"line":34,"column":28},"end":{"line":34,"column":45}},"type":"binary-expr","locations":[{"start":{"line":34,"column":28},"end":{"line":34,"column":45}},{"start":{"line":34,"column":45},"end":{"line":34,"column":69}},{"start":{"line":34,"column":69},"end":{"line":34,"column":null}}]}},"s":{"0":3,"1":3,"2":3,"3":3,"4":6,"5":9,"6":0,"7":0,"8":9,"9":9,"10":9,"11":3},"f":{"0":6,"1":9,"2":0,"3":9},"b":{"0":[9,9,9]}}
,"E:\\Jennifer\\other\\vue3-json-schema-form\\lib\\theme-default\\index.tsx": {"path":"E:\\Jennifer\\other\\vue3-json-schema-form\\lib\\theme-default\\index.tsx","statementMap":{"0":{"start":{"line":1,"column":0},"end":{"line":1,"column":null}},"1":{"start":{"line":2,"column":0},"end":{"line":2,"column":null}},"2":{"start":{"line":3,"column":0},"end":{"line":3,"column":null}},"3":{"start":{"line":16,"column":15},"end":{"line":16,"column":null}}},"fnMap":{},"branchMap":{},"s":{"0":3,"1":3,"2":3,"3":3},"f":{},"b":{}}
,"E:\\Jennifer\\other\\vue3-json-schema-form\\lib\\widgets\\$Selection.tsx": {"path":"E:\\Jennifer\\other\\vue3-json-schema-form\\lib\\widgets\\$Selection.tsx","statementMap":{"0":{"start":{"line":2,"column":0},"end":{"line":2,"column":null}},"1":{"start":{"line":4,"column":15},"end":{"line":4,"column":31}},"2":{"start":{"line":21,"column":32},"end":{"line":21,"column":36}},"3":{"start":{"line":22,"column":8},"end":{"line":22,"column":14}},"4":{"start":{"line":23,"column":12},"end":{"line":25,"column":null}},"5":{"start":{"line":24,"column":16},"end":{"line":24,"column":21}},"6":{"start":{"line":27,"column":8},"end":{"line":27,"column":null}},"7":{"start":{"line":28,"column":18},"end":{"line":28,"column":null}},"8":{"start":{"line":30,"column":16},"end":{"line":32,"column":null}},"9":{"start":{"line":31,"column":20},"end":{"line":31,"column":35}},"10":{"start":{"line":35,"column":8},"end":{"line":35,"column":15}},"11":{"start":{"line":36,"column":30},"end":{"line":36,"column":null}},"12":{"start":{"line":39,"column":12},"end":{"line":39,"column":null}},"13":{"start":{"line":40,"column":49},"end":{"line":40,"column":34}},"14":{"start":{"line":42,"column":24},"end":{"line":42,"column":39}}},"fnMap":{"0":{"name":"(anonymous_0)","decl":{"start":{"line":20,"column":4},"end":{"line":20,"column":9}},"loc":{"start":{"line":20,"column":37},"end":{"line":47,"column":null}}},"1":{"name":"(anonymous_1)","decl":{"start":{"line":22,"column":31},"end":{"line":22,"column":32}},"loc":{"start":{"line":22,"column":46},"end":{"line":26,"column":null}}},"2":{"name":"(anonymous_2)","decl":{"start":{"line":28,"column":12},"end":{"line":28,"column":18}},"loc":{"start":{"line":28,"column":18},"end":{"line":28,"column":null}}},"3":{"name":"(anonymous_3)","decl":{"start":{"line":29,"column":13},"end":{"line":29,"column":18}},"loc":{"start":{"line":29,"column":18},"end":{"line":33,"column":null}}},"4":{"name":"(anonymous_4)","decl":{"start":{"line":35,"column":15},"end":{"line":35,"column":20}},"loc":{"start":{"line":35,"column":20},"end":{"line":46,"column":null}}},"5":{"name":"(anonymous_5)","decl":{"start":{"line":40,"column":16},"end":{"line":40,"column":34}},"loc":{"start":{"line":40,"column":49},"end":{"line":40,"column":34}}},"6":{"name":"(anonymous_6)","decl":{"start":{"line":41,"column":33},"end":{"line":41,"column":36}},"loc":{"start":{"line":42,"column":24},"end":{"line":42,"column":39}}}},"branchMap":{"0":{"loc":{"start":{"line":23,"column":12},"end":{"line":25,"column":null}},"type":"if","locations":[{"start":{"line":23,"column":12},"end":{"line":25,"column":null}},{"start":{"line":23,"column":12},"end":{"line":25,"column":null}}]},"1":{"loc":{"start":{"line":30,"column":16},"end":{"line":32,"column":null}},"type":"if","locations":[{"start":{"line":30,"column":16},"end":{"line":32,"column":null}},{"start":{"line":30,"column":16},"end":{"line":32,"column":null}}]}},"s":{"0":3,"1":3,"2":0,"3":0,"4":0,"5":0,"6":0,"7":0,"8":0,"9":0,"10":0,"11":0,"12":0,"13":0,"14":0},"f":{"0":0,"1":0,"2":0,"3":0,"4":0,"5":0,"6":0},"b":{"0":[0,0],"1":[0,0]}}
,"E:\\Jennifer\\other\\vue3-json-schema-form\\tests\\unit\\utils\\TestComponent.tsx": {"path":"E:\\Jennifer\\other\\vue3-json-schema-form\\tests\\unit\\utils\\TestComponent.tsx","statementMap":{"0":{"start":{"line":1,"column":0},"end":{"line":1,"column":null}},"1":{"start":{"line":3,"column":0},"end":{"line":3,"column":null}},"2":{"start":{"line":4,"column":0},"end":{"line":4,"column":null}},"3":{"start":{"line":15,"column":36},"end":{"line":15,"column":52}},"4":{"start":{"line":17,"column":8},"end":{"line":17,"column":15}},"5":{"start":{"line":18,"column":12},"end":{"line":18,"column":34}},"6":{"start":{"line":25,"column":15},"end":{"line":25,"column":31}},"7":{"start":{"line":41,"column":8},"end":{"line":41,"column":15}},"8":{"start":{"line":42,"column":12},"end":{"line":42,"column":null}},"9":{"start":{"line":43,"column":16},"end":{"line":43,"column":null}}},"fnMap":{"0":{"name":"(anonymous_1)","decl":{"start":{"line":16,"column":4},"end":{"line":16,"column":9}},"loc":{"start":{"line":16,"column":24},"end":{"line":22,"column":null}}},"1":{"name":"(anonymous_2)","decl":{"start":{"line":17,"column":15},"end":{"line":17,"column":null}},"loc":{"start":{"line":18,"column":12},"end":{"line":18,"column":34}}},"2":{"name":"(anonymous_3)","decl":{"start":{"line":18,"column":12},"end":{"line":18,"column":34}},"loc":{"start":{"line":18,"column":12},"end":{"line":18,"column":34}}},"3":{"name":"(anonymous_4)","decl":{"start":{"line":40,"column":4},"end":{"line":40,"column":9}},"loc":{"start":{"line":40,"column":15},"end":{"line":48,"column":null}}},"4":{"name":"(anonymous_5)","decl":{"start":{"line":41,"column":15},"end":{"line":41,"column":20}},"loc":{"start":{"line":41,"column":20},"end":{"line":47,"column":null}}},"5":{"name":"(anonymous_6)","decl":{"start":{"line":43,"column":16},"end":{"line":43,"column":null}},"loc":{"start":{"line":43,"column":16},"end":{"line":43,"column":null}}}},"branchMap":{"0":{"loc":{"start":{"line":19,"column":17},"end":{"line":19,"column":34}},"type":"binary-expr","locations":[{"start":{"line":19,"column":17},"end":{"line":19,"column":34}},{"start":{"line":19,"column":34},"end":{"line":19,"column":39}}]},"1":{"loc":{"start":{"line":43,"column":16},"end":{"line":43,"column":null}},"type":"cond-expr","locations":[{"start":{"line":43,"column":16},"end":{"line":43,"column":null}},{"start":{"line":43,"column":16},"end":{"line":43,"column":null}}]}},"s":{"0":3,"1":3,"2":3,"3":3,"4":7,"5":14,"6":3,"7":7,"8":7,"9":7},"f":{"0":7,"1":7,"2":7,"3":7,"4":7,"5":7},"b":{"0":[7,7],"1":[0,7]}}
}
