TN:
SF:E:\Jennifer\other\vue3-json-schema-form\lib\SchemaForm.tsx
FN:22,(anonymous_0)
FN:23,(anonymous_1)
FN:34,(anonymous_2)
FNF:3
FNH:3
FNDA:7,(anonymous_0)
FNDA:4,(anonymous_1)
FNDA:7,(anonymous_2)
DA:1,3
DA:4,3
DA:5,3
DA:7,3
DA:23,7
DA:24,4
DA:28,7
DA:32,7
DA:34,7
DA:35,7
DA:37,7
LF:11
LH:11
BRF:0
BRH:0
end_of_record
TN:
SF:E:\Jennifer\other\vue3-json-schema-form\lib\SchemaItem.tsx
FN:15,(anonymous_0)
FN:18,(anonymous_1)
FN:22,(anonymous_2)
FNF:3
FNH:3
FNDA:17,(anonymous_0)
FNDA:20,(anonymous_1)
FNDA:23,(anonymous_2)
DA:1,3
DA:3,3
DA:4,3
DA:5,3
DA:6,3
DA:7,3
DA:8,3
DA:11,3
DA:18,17
DA:19,20
DA:20,20
DA:22,17
DA:23,23
DA:24,23
DA:28,23
DA:30,23
DA:32,9
DA:33,9
DA:35,8
DA:36,8
DA:38,3
DA:39,3
DA:41,3
DA:42,3
DA:44,0
DA:45,0
DA:47,23
LF:27
LH:25
BRDA:31,0,0,9
BRDA:31,0,1,8
BRDA:31,0,2,3
BRDA:31,0,3,3
BRDA:31,0,4,0
BRF:5
BRH:4
end_of_record
TN:
SF:E:\Jennifer\other\vue3-json-schema-form\lib\context.ts
FN:9,useVJSFContext
FNF:1
FNH:1
FNDA:6,useVJSFContext
DA:1,3
DA:6,3
DA:10,6
DA:12,6
DA:13,0
DA:16,6
LF:6
LH:5
BRDA:12,0,0,0
BRDA:12,0,1,6
BRF:2
BRH:1
end_of_record
TN:
SF:E:\Jennifer\other\vue3-json-schema-form\lib\index.ts
FNF:0
FNH:0
DA:1,3
DA:2,3
DA:3,3
DA:4,3
DA:5,3
DA:6,3
LF:6
LH:6
BRF:0
BRH:0
end_of_record
TN:
SF:E:\Jennifer\other\vue3-json-schema-form\lib\types.ts
FN:3,(anonymous_0)
FNF:1
FNH:1
FNDA:3,(anonymous_0)
DA:3,3
DA:4,3
DA:5,3
DA:6,3
DA:7,3
DA:8,3
DA:9,3
DA:52,3
LF:8
LH:8
BRDA:3,0,0,3
BRDA:3,0,1,3
BRF:2
BRH:2
end_of_record
TN:
SF:E:\Jennifer\other\vue3-json-schema-form\lib\utils.ts
FN:11,isObject
FN:15,isEmptyObject
FN:19,hasOwnProperty
FN:32,validateData
FN:42,resolveSchema
FN:51,(anonymous_5)
FN:62,retrieveSchema
FN:102,stubExistingAdditionalProperties
FN:113,(anonymous_8)
FN:154,resolveReference
FN:163,findSchemaDefinition
FN:182,resolveDependencies
FN:202,processDependencies
FN:246,withDependentProperties
FN:256,withDependentSchema
FN:277,(anonymous_15)
FN:291,withExactlyOneSubschema
FN:298,(anonymous_17)
FN:340,mergeSchemas
FN:342,(anonymous_19)
FN:374,getSchemaType
FN:391,(anonymous_21)
FN:423,guessType
FN:441,isConstant
FN:448,isSelect
FN:454,(anonymous_25)
FN:459,isMultiSelect
FN:467,getMatchingOption
FN:486,(anonymous_28)
FN:526,mergeDefaultsWithFormData
FN:531,(anonymous_30)
FN:539,(anonymous_31)
FN:551,getDefaultFormState
FNF:33
FNH:4
FNDA:29,isObject
FNDA:0,isEmptyObject
FNDA:60,hasOwnProperty
FNDA:0,validateData
FNDA:20,resolveSchema
FNDA:0,(anonymous_5)
FNDA:20,retrieveSchema
FNDA:0,stubExistingAdditionalProperties
FNDA:0,(anonymous_8)
FNDA:0,resolveReference
FNDA:0,findSchemaDefinition
FNDA:0,resolveDependencies
FNDA:0,processDependencies
FNDA:0,withDependentProperties
FNDA:0,withDependentSchema
FNDA:0,(anonymous_15)
FNDA:0,withExactlyOneSubschema
FNDA:0,(anonymous_17)
FNDA:0,mergeSchemas
FNDA:0,(anonymous_19)
FNDA:0,getSchemaType
FNDA:0,(anonymous_21)
FNDA:0,guessType
FNDA:0,isConstant
FNDA:0,isSelect
FNDA:0,(anonymous_25)
FNDA:0,isMultiSelect
FNDA:0,getMatchingOption
FNDA:0,(anonymous_28)
FNDA:0,mergeDefaultsWithFormData
FNDA:0,(anonymous_30)
FNDA:0,(anonymous_31)
FNDA:0,getDefaultFormState
DA:3,3
DA:7,3
DA:8,3
DA:9,3
DA:12,29
DA:16,0
DA:24,60
DA:31,3
DA:33,0
DA:34,0
DA:43,20
DA:44,0
DA:45,20
DA:46,0
DA:47,0
DA:48,20
DA:49,0
DA:52,0
DA:57,20
DA:67,20
DA:68,0
DA:70,20
DA:73,20
DA:74,0
DA:75,0
DA:81,0
DA:82,0
DA:83,0
DA:87,20
DA:89,20
DA:91,0
DA:97,20
DA:100,3
DA:108,0
DA:113,0
DA:114,0
DA:116,0
DA:120,0
DA:121,0
DA:126,0
DA:127,0
DA:129,0
DA:133,0
DA:135,0
DA:138,0
DA:156,0
DA:158,0
DA:160,0
DA:164,0
DA:165,0
DA:167,0
DA:169,0
DA:171,0
DA:172,0
DA:173,0
DA:175,0
DA:177,0
DA:179,0
DA:188,0
DA:189,0
DA:190,0
DA:194,0
DA:195,0
DA:200,0
DA:209,0
DA:211,0
DA:212,0
DA:215,0
DA:219,0
DA:224,0
DA:225,0
DA:226,0
DA:227,0
DA:228,0
DA:236,0
DA:243,0
DA:247,0
DA:248,0
DA:250,0
DA:253,0
DA:264,0
DA:269,0
DA:271,0
DA:272,0
DA:273,0
DA:274,0
DA:277,0
DA:278,0
DA:282,0
DA:298,0
DA:299,0
DA:300,0
DA:302,0
DA:303,0
DA:304,0
DA:311,0
DA:312,0
DA:315,0
DA:316,0
DA:319,0
DA:322,0
DA:326,0
DA:327,0
DA:328,0
DA:341,0
DA:342,0
DA:343,0
DA:344,0
DA:345,0
DA:346,0
DA:347,0
DA:357,0
DA:359,0
DA:361,0
DA:375,0
DA:377,0
DA:378,0
DA:381,0
DA:382,0
DA:385,0
DA:386,0
DA:389,0
DA:390,0
DA:391,0
DA:394,0
DA:423,3
DA:424,0
DA:425,0
DA:426,0
DA:427,0
DA:428,0
DA:429,0
DA:430,0
DA:431,0
DA:432,0
DA:433,0
DA:434,0
DA:435,0
DA:438,0
DA:442,0
DA:449,0
DA:450,0
DA:451,0
DA:452,0
DA:453,0
DA:454,0
DA:456,0
DA:460,0
DA:461,0
DA:463,0
DA:472,0
DA:473,0
DA:482,0
DA:485,0
DA:486,0
DA:494,0
DA:496,0
DA:498,0
DA:499,0
DA:502,0
DA:505,0
DA:507,0
DA:509,0
DA:514,0
DA:516,0
DA:517,0
DA:519,0
DA:520,0
DA:523,0
DA:527,0
DA:528,0
DA:529,0
DA:531,0
DA:532,0
DA:533,0
DA:535,0
DA:537,0
DA:538,0
DA:539,0
DA:540,0
DA:544,0
DA:547,0
DA:557,0
DA:558,0
DA:561,0
DA:570,0
DA:572,0
DA:574,0
DA:575,0
DA:577,0
DA:578,0
DA:580,0
LF:192
LH:19
BRDA:12,0,0,29
BRDA:12,0,1,29
BRDA:12,0,2,29
BRDA:16,1,0,0
BRDA:16,1,1,0
BRDA:42,2,0,0
BRDA:42,3,0,0
BRDA:43,4,0,0
BRDA:43,4,1,20
BRDA:45,5,0,0
BRDA:45,5,1,20
BRDA:48,6,0,0
BRDA:48,6,1,20
BRDA:48,7,0,20
BRDA:48,7,1,0
BRDA:64,8,0,0
BRDA:65,9,0,6
BRDA:67,10,0,0
BRDA:67,10,1,20
BRDA:73,11,0,0
BRDA:73,11,1,20
BRDA:87,12,0,20
BRDA:87,12,1,0
BRDA:89,13,0,0
BRDA:89,13,1,20
BRDA:104,14,0,0
BRDA:105,15,0,0
BRDA:114,16,0,0
BRDA:114,16,1,0
BRDA:120,17,0,0
BRDA:120,17,1,0
BRDA:126,18,0,0
BRDA:126,18,1,0
BRDA:163,19,0,0
BRDA:165,20,0,0
BRDA:165,20,1,0
BRDA:172,21,0,0
BRDA:172,21,1,0
BRDA:175,22,0,0
BRDA:175,22,1,0
BRDA:188,23,0,0
BRDA:189,24,0,0
BRDA:189,24,1,0
BRDA:194,25,0,0
BRDA:194,25,1,0
BRDA:211,26,0,0
BRDA:211,26,1,0
BRDA:215,27,0,0
BRDA:215,27,1,0
BRDA:216,28,0,0
BRDA:216,28,1,0
BRDA:225,29,0,0
BRDA:225,29,1,0
BRDA:227,30,0,0
BRDA:227,30,1,0
BRDA:247,31,0,0
BRDA:247,31,1,0
BRDA:251,32,0,0
BRDA:251,32,1,0
BRDA:271,33,0,0
BRDA:271,33,1,0
BRDA:273,34,0,0
BRDA:273,34,1,0
BRDA:279,35,0,0
BRDA:279,35,1,0
BRDA:299,36,0,0
BRDA:299,36,1,0
BRDA:303,37,0,0
BRDA:303,37,1,0
BRDA:312,38,0,0
BRDA:312,38,1,0
BRDA:315,39,0,0
BRDA:315,39,1,0
BRDA:343,40,0,0
BRDA:343,40,1,0
BRDA:345,41,0,0
BRDA:345,41,1,0
BRDA:345,42,0,0
BRDA:345,42,1,0
BRDA:345,42,2,0
BRDA:347,43,0,0
BRDA:347,43,1,0
BRDA:348,44,0,0
BRDA:348,44,1,0
BRDA:348,44,2,0
BRDA:348,44,3,0
BRDA:348,44,4,0
BRDA:348,44,5,0
BRDA:348,44,6,0
BRDA:377,45,0,0
BRDA:377,45,1,0
BRDA:377,46,0,0
BRDA:377,46,1,0
BRDA:381,47,0,0
BRDA:381,47,1,0
BRDA:381,48,0,0
BRDA:381,48,1,0
BRDA:385,49,0,0
BRDA:385,49,1,0
BRDA:385,50,0,0
BRDA:385,50,1,0
BRDA:385,50,2,0
BRDA:390,51,0,0
BRDA:390,51,1,0
BRDA:390,52,0,0
BRDA:390,52,1,0
BRDA:390,52,2,0
BRDA:424,53,0,0
BRDA:424,53,1,0
BRDA:426,54,0,0
BRDA:426,54,1,0
BRDA:428,55,0,0
BRDA:428,55,1,0
BRDA:430,56,0,0
BRDA:430,56,1,0
BRDA:432,57,0,0
BRDA:432,57,1,0
BRDA:434,58,0,0
BRDA:434,58,1,0
BRDA:443,59,0,0
BRDA:443,59,1,0
BRDA:443,59,2,0
BRDA:448,60,0,0
BRDA:450,61,0,0
BRDA:450,61,1,0
BRDA:451,62,0,0
BRDA:451,62,1,0
BRDA:453,63,0,0
BRDA:453,63,1,0
BRDA:459,64,0,0
BRDA:460,65,0,0
BRDA:460,65,1,0
BRDA:460,66,0,0
BRDA:460,66,1,0
BRDA:482,67,0,0
BRDA:482,67,1,0
BRDA:494,68,0,0
BRDA:494,68,1,0
BRDA:498,69,0,0
BRDA:498,69,1,0
BRDA:516,70,0,0
BRDA:516,70,1,0
BRDA:519,71,0,0
BRDA:519,71,1,0
BRDA:527,72,0,0
BRDA:527,72,1,0
BRDA:528,73,0,0
BRDA:528,73,1,0
BRDA:532,74,0,0
BRDA:532,74,1,0
BRDA:537,75,0,0
BRDA:537,75,1,0
BRDA:541,76,0,0
BRDA:541,76,1,0
BRDA:557,77,0,0
BRDA:557,77,1,0
BRDA:570,78,0,0
BRDA:570,78,1,0
BRDA:574,79,0,0
BRDA:574,79,1,0
BRDA:574,80,0,0
BRDA:574,80,1,0
BRDA:577,81,0,0
BRDA:577,81,1,0
BRDA:577,82,0,0
BRDA:577,82,1,0
BRDA:577,82,2,0
BRDA:580,83,0,0
BRDA:580,83,1,0
BRF:169
BRH:12
end_of_record
TN:
SF:E:\Jennifer\other\vue3-json-schema-form\lib\fields\ArrayField.tsx
FN:72,(anonymous_1)
FN:74,(anonymous_2)
FN:75,(anonymous_3)
FN:76,(anonymous_4)
FN:77,(anonymous_5)
FN:79,(anonymous_6)
FN:100,(anonymous_7)
FN:103,(anonymous_8)
FN:110,(anonymous_9)
FN:117,(anonymous_10)
FN:124,(anonymous_11)
FN:133,(anonymous_12)
FN:142,(anonymous_13)
FN:154,(anonymous_14)
FN:160,(anonymous_15)
FN:166,(anonymous_16)
FN:179,(anonymous_17)
FN:167,(anonymous_18)
FN:186,(anonymous_19)
FNF:19
FNH:8
FNDA:2,(anonymous_1)
FNDA:0,(anonymous_2)
FNDA:0,(anonymous_3)
FNDA:0,(anonymous_4)
FNDA:0,(anonymous_5)
FNDA:2,(anonymous_6)
FNDA:3,(anonymous_7)
FNDA:0,(anonymous_8)
FNDA:0,(anonymous_9)
FNDA:0,(anonymous_10)
FNDA:0,(anonymous_11)
FNDA:0,(anonymous_12)
FNDA:3,(anonymous_13)
FNDA:2,(anonymous_14)
FNDA:0,(anonymous_15)
FNDA:2,(anonymous_16)
FNDA:0,(anonymous_17)
FNDA:2,(anonymous_18)
FNDA:3,(anonymous_19)
DA:1,3
DA:3,3
DA:4,3
DA:6,3
DA:7,3
DA:29,3
DA:48,3
DA:73,2
DA:74,2
DA:75,2
DA:76,2
DA:77,2
DA:79,2
DA:80,2
DA:81,2
DA:97,3
DA:101,3
DA:103,3
DA:104,0
DA:105,0
DA:106,0
DA:107,0
DA:110,3
DA:111,0
DA:112,0
DA:113,0
DA:114,0
DA:117,3
DA:118,0
DA:119,0
DA:120,0
DA:121,0
DA:124,3
DA:125,0
DA:126,0
DA:127,0
DA:128,0
DA:129,0
DA:130,0
DA:133,3
DA:134,0
DA:135,0
DA:136,0
DA:137,0
DA:138,0
DA:139,0
DA:142,3
DA:143,3
DA:144,3
DA:146,3
DA:148,3
DA:150,3
DA:152,1
DA:153,1
DA:154,1
DA:155,2
DA:160,0
DA:163,2
DA:165,1
DA:166,2
DA:167,2
DA:179,0
DA:185,1
DA:186,3
DA:190,1
LF:65
LH:39
BRDA:90,0,0,2
BRDA:90,0,1,2
BRDA:105,1,0,0
BRDA:105,1,1,0
BRDA:112,2,0,0
BRDA:112,2,1,0
BRDA:119,3,0,0
BRDA:119,3,1,0
BRDA:125,4,0,0
BRDA:125,4,1,0
BRDA:127,5,0,0
BRDA:127,5,1,0
BRDA:135,6,0,0
BRDA:135,6,1,0
BRDA:136,7,0,0
BRDA:136,7,1,0
BRDA:148,8,0,3
BRDA:148,8,1,3
BRDA:150,9,0,1
BRDA:150,9,1,2
BRDA:153,10,0,1
BRDA:153,10,1,0
BRDA:163,11,0,1
BRDA:163,11,1,1
BRDA:165,12,0,1
BRDA:165,12,1,0
BRDA:167,13,0,0
BRDA:167,13,1,2
BRF:28
BRH:11
end_of_record
TN:
SF:E:/Jennifer/other/vue3-json-schema-form/lib/fields/NumberField.vue
FN:13,(anonymous_1)
FNF:1
FNH:1
FNDA:1,(anonymous_1)
DA:8,3
DA:13,5
DA:15,1
DA:16,1
DA:17,1
DA:18,0
DA:20,1
LF:7
LH:6
BRDA:17,0,0,0
BRDA:17,0,1,1
BRF:2
BRH:1
end_of_record
TN:
SF:E:\Jennifer\other\vue3-json-schema-form\lib\fields\ObjectField.tsx
FN:10,(anonymous_0)
FN:15,(anonymous_1)
FN:27,(anonymous_2)
FN:33,(anonymous_3)
FN:39,(anonymous_4)
FNF:5
FNH:5
FNDA:3,(anonymous_0)
FNDA:3,(anonymous_1)
FNDA:6,(anonymous_2)
FNDA:12,(anonymous_3)
FNDA:3,(anonymous_4)
DA:1,3
DA:3,3
DA:4,3
DA:5,3
DA:7,3
DA:13,3
DA:15,3
DA:16,3
DA:18,3
DA:19,1
DA:21,2
DA:24,3
DA:27,3
DA:28,6
DA:29,6
DA:30,6
DA:31,6
DA:33,6
DA:34,12
DA:39,3
LF:20
LH:20
BRDA:16,0,0,3
BRDA:16,0,1,0
BRDA:18,1,0,1
BRDA:18,1,1,2
BRDA:30,2,0,6
BRDA:30,2,1,0
BRDA:31,3,0,6
BRDA:31,3,1,0
BRF:8
BRH:5
end_of_record
TN:
SF:E:/Jennifer/other/vue3-json-schema-form/lib/fields/StringField.vue
FN:13,(anonymous_1)
FNF:1
FNH:0
FNDA:0,(anonymous_1)
DA:8,3
DA:13,6
DA:14,0
LF:3
LH:2
BRF:0
BRH:0
end_of_record
TN:
SF:E:\Jennifer\other\vue3-json-schema-form\lib\widgets\Selection.tsx
FN:19,(anonymous_0)
FN:21,(anonymous_1)
FN:27,(anonymous_2)
FN:28,(anonymous_3)
FN:34,(anonymous_4)
FN:39,(anonymous_5)
FN:40,(anonymous_6)
FNF:7
FNH:4
FNDA:1,(anonymous_0)
FNDA:0,(anonymous_1)
FNDA:1,(anonymous_2)
FNDA:0,(anonymous_3)
FNDA:1,(anonymous_4)
FNDA:0,(anonymous_5)
FNDA:3,(anonymous_6)
DA:1,3
DA:3,3
DA:20,1
DA:21,1
DA:22,0
DA:23,0
DA:26,1
DA:27,1
DA:29,0
DA:30,0
DA:34,1
DA:35,1
DA:38,1
DA:39,0
DA:41,3
LF:15
LH:10
BRDA:22,0,0,0
BRDA:22,0,1,0
BRDA:29,1,0,0
BRDA:29,1,1,0
BRF:4
BRH:0
end_of_record
