TN:
SF:E:\Jennifer\other\vue3-json-schema-form\lib\SchemaForm.tsx
FN:64,(anonymous_0)
FN:65,(anonymous_1)
FN:72,(anonymous_2)
FN:82,(anonymous_3)
FN:91,(anonymous_4)
FN:103,(anonymous_5)
FN:103,(anonymous_6)
FN:109,doValidate
FN:132,(anonymous_8)
FN:132,(anonymous_9)
FN:135,(anonymous_10)
FN:150,(anonymous_11)
FN:162,(anonymous_12)
FN:166,(anonymous_13)
FN:175,(anonymous_14)
FN:179,(anonymous_15)
FN:181,(anonymous_16)
FN:190,(anonymous_17)
FN:206,(anonymous_18)
FNF:19
FNH:10
FNDA:7,(anonymous_0)
FNDA:4,(anonymous_1)
FNDA:7,(anonymous_2)
FNDA:0,(anonymous_3)
FNDA:0,(anonymous_4)
FNDA:10,(anonymous_5)
FNDA:3,(anonymous_6)
FNDA:0,doValidate
FNDA:7,(anonymous_8)
FNDA:7,(anonymous_9)
FNDA:0,(anonymous_10)
FNDA:0,(anonymous_11)
FNDA:0,(anonymous_12)
FNDA:0,(anonymous_13)
FNDA:7,(anonymous_14)
FNDA:0,(anonymous_15)
FNDA:0,(anonymous_16)
FNDA:20,(anonymous_17)
FNDA:7,(anonymous_18)
DA:1,3
DA:4,3
DA:5,3
DA:6,3
DA:7,3
DA:17,3
DA:21,3
DA:65,7
DA:66,4
DA:69,7
DA:71,7
DA:72,7
DA:73,7
DA:79,7
DA:80,0
DA:82,0
DA:83,0
DA:88,7
DA:89,0
DA:91,0
DA:92,0
DA:98,7
DA:100,7
DA:103,10
DA:105,3
DA:106,0
DA:110,0
DA:111,0
DA:118,0
DA:121,0
DA:123,0
DA:125,0
DA:127,0
DA:132,7
DA:133,7
DA:134,0
DA:150,0
DA:151,0
DA:152,0
DA:162,7
DA:163,0
DA:164,0
DA:166,0
DA:167,0
DA:168,0
DA:171,0
DA:175,7
DA:176,7
DA:177,0
DA:179,0
DA:180,0
DA:181,0
DA:183,0
DA:184,0
DA:187,0
DA:190,20
DA:194,7
DA:204,7
DA:206,7
DA:207,7
DA:209,7
LF:61
LH:30
BRDA:79,0,0,0
BRDA:79,0,1,7
BRDA:80,1,0,0
BRDA:80,1,1,0
BRDA:88,2,0,0
BRDA:88,2,1,7
BRDA:89,3,0,0
BRDA:89,3,1,0
BRDA:105,4,0,0
BRDA:105,4,1,3
BRDA:121,5,0,0
BRDA:121,5,1,0
BRDA:133,6,0,0
BRDA:133,6,1,7
BRDA:163,7,0,0
BRDA:163,7,1,0
BRDA:164,8,0,0
BRDA:164,8,1,0
BRDA:176,9,0,0
BRDA:176,9,1,7
BRDA:177,10,0,0
BRDA:177,10,1,0
BRDA:183,11,0,0
BRDA:183,11,1,0
BRDA:214,12,0,7
BRDA:214,12,1,7
BRDA:215,13,0,7
BRDA:215,13,1,0
BRF:28
BRH:8
end_of_record
TN:
SF:E:\Jennifer\other\vue3-json-schema-form\lib\SchemaItem.tsx
FN:16,(anonymous_0)
FN:21,(anonymous_1)
FN:25,(anonymous_2)
FNF:3
FNH:3
FNDA:17,(anonymous_0)
FNDA:20,(anonymous_1)
FNDA:23,(anonymous_2)
DA:1,3
DA:3,3
DA:4,3
DA:5,3
DA:6,3
DA:7,3
DA:8,3
DA:9,3
DA:12,3
DA:17,17
DA:21,17
DA:22,20
DA:23,20
DA:25,17
DA:26,23
DA:27,23
DA:31,23
DA:33,23
DA:35,9
DA:36,9
DA:38,8
DA:39,8
DA:41,3
DA:42,3
DA:44,3
DA:45,3
DA:47,0
DA:48,0
DA:50,23
LF:29
LH:27
BRDA:34,0,0,9
BRDA:34,0,1,8
BRDA:34,0,2,3
BRDA:34,0,3,3
BRDA:34,0,4,0
BRF:5
BRH:4
end_of_record
TN:
SF:E:\Jennifer\other\vue3-json-schema-form\lib\context.ts
FN:9,useVJSFContext
FNF:1
FNH:1
FNDA:40,useVJSFContext
DA:1,3
DA:6,3
DA:18,40
DA:20,40
DA:21,0
DA:24,40
LF:6
LH:5
BRDA:20,0,0,0
BRDA:20,0,1,40
BRF:2
BRH:1
end_of_record
TN:
SF:E:\Jennifer\other\vue3-json-schema-form\lib\index.ts
FN:9,(anonymous_7)
FNF:1
FNH:1
FNDA:18,(anonymous_7)
DA:1,3
DA:2,3
DA:3,3
DA:4,3
DA:5,3
DA:6,3
DA:7,3
DA:9,78
LF:8
LH:8
BRDA:9,0,0,36
BRDA:9,0,1,72
BRF:2
BRH:2
end_of_record
TN:
SF:E:\Jennifer\other\vue3-json-schema-form\lib\theme.tsx
FN:19,(anonymous_0)
FN:21,(anonymous_1)
FN:23,(anonymous_2)
FN:33,getWidgetRef
FN:72,(anonymous_4)
FNF:5
FNH:5
FNDA:7,(anonymous_0)
FNDA:7,(anonymous_1)
FNDA:7,(anonymous_2)
FNDA:17,getWidgetRef
FNDA:17,(anonymous_4)
DA:1,3
DA:2,3
DA:6,3
DA:8,3
DA:11,3
DA:21,7
DA:22,7
DA:23,7
DA:24,7
DA:38,17
DA:40,17
DA:42,9
DA:43,9
DA:44,0
DA:47,9
DA:60,0
DA:61,0
DA:67,17
DA:69,17
DA:70,0
DA:72,17
DA:73,17
DA:75,17
DA:78,3
LF:24
LH:20
BRDA:27,0,0,7
BRDA:27,0,1,7
BRDA:40,1,0,9
BRDA:40,1,1,8
BRDA:43,2,0,0
BRDA:43,2,1,9
BRDA:43,3,0,9
BRDA:43,3,1,9
BRDA:43,3,2,9
BRDA:43,3,3,0
BRDA:47,4,0,0
BRDA:47,4,1,9
BRDA:60,5,0,0
BRDA:60,5,1,0
BRDA:69,6,0,0
BRDA:69,6,1,17
BRF:16
BRH:10
end_of_record
TN:
SF:E:\Jennifer\other\vue3-json-schema-form\lib\types.ts
FN:7,(anonymous_0)
FN:122,(anonymous_1)
FN:125,(anonymous_2)
FNF:3
FNH:3
FNDA:3,(anonymous_0)
FNDA:3,(anonymous_1)
FNDA:3,(anonymous_2)
DA:7,3
DA:8,3
DA:9,3
DA:10,3
DA:11,3
DA:12,3
DA:13,3
DA:56,3
DA:85,3
DA:108,3
DA:122,3
DA:123,3
DA:125,3
DA:126,3
DA:127,3
LF:15
LH:15
BRDA:7,0,0,3
BRDA:7,0,1,3
BRDA:122,1,0,3
BRDA:122,1,1,3
BRDA:125,2,0,3
BRDA:125,2,1,3
BRF:6
BRH:6
end_of_record
TN:
SF:E:\Jennifer\other\vue3-json-schema-form\lib\utils.ts
FN:11,isObject
FN:15,isEmptyObject
FN:19,hasOwnProperty
FN:32,validateData
FN:42,resolveSchema
FN:51,(anonymous_5)
FN:62,retrieveSchema
FN:102,stubExistingAdditionalProperties
FN:113,(anonymous_8)
FN:154,resolveReference
FN:163,findSchemaDefinition
FN:182,resolveDependencies
FN:202,processDependencies
FN:246,withDependentProperties
FN:256,withDependentSchema
FN:277,(anonymous_15)
FN:291,withExactlyOneSubschema
FN:298,(anonymous_17)
FN:340,mergeSchemas
FN:342,(anonymous_19)
FN:374,getSchemaType
FN:391,(anonymous_21)
FN:423,guessType
FN:441,isConstant
FN:448,isSelect
FN:454,(anonymous_25)
FN:459,isMultiSelect
FN:467,getMatchingOption
FN:486,(anonymous_28)
FN:526,mergeDefaultsWithFormData
FN:531,(anonymous_30)
FN:539,(anonymous_31)
FN:551,getDefaultFormState
FNF:33
FNH:4
FNDA:29,isObject
FNDA:0,isEmptyObject
FNDA:60,hasOwnProperty
FNDA:0,validateData
FNDA:20,resolveSchema
FNDA:0,(anonymous_5)
FNDA:20,retrieveSchema
FNDA:0,stubExistingAdditionalProperties
FNDA:0,(anonymous_8)
FNDA:0,resolveReference
FNDA:0,findSchemaDefinition
FNDA:0,resolveDependencies
FNDA:0,processDependencies
FNDA:0,withDependentProperties
FNDA:0,withDependentSchema
FNDA:0,(anonymous_15)
FNDA:0,withExactlyOneSubschema
FNDA:0,(anonymous_17)
FNDA:0,mergeSchemas
FNDA:0,(anonymous_19)
FNDA:0,getSchemaType
FNDA:0,(anonymous_21)
FNDA:0,guessType
FNDA:0,isConstant
FNDA:0,isSelect
FNDA:0,(anonymous_25)
FNDA:0,isMultiSelect
FNDA:0,getMatchingOption
FNDA:0,(anonymous_28)
FNDA:0,mergeDefaultsWithFormData
FNDA:0,(anonymous_30)
FNDA:0,(anonymous_31)
FNDA:0,getDefaultFormState
DA:3,3
DA:7,3
DA:8,3
DA:9,3
DA:12,29
DA:16,0
DA:24,60
DA:31,3
DA:33,0
DA:34,0
DA:43,20
DA:44,0
DA:45,20
DA:46,0
DA:47,0
DA:48,20
DA:49,0
DA:52,0
DA:57,20
DA:67,20
DA:68,0
DA:70,20
DA:73,20
DA:74,0
DA:75,0
DA:81,0
DA:82,0
DA:83,0
DA:87,20
DA:89,20
DA:91,0
DA:97,20
DA:100,3
DA:108,0
DA:113,0
DA:114,0
DA:116,0
DA:120,0
DA:121,0
DA:126,0
DA:127,0
DA:129,0
DA:133,0
DA:135,0
DA:138,0
DA:156,0
DA:158,0
DA:160,0
DA:164,0
DA:165,0
DA:167,0
DA:169,0
DA:171,0
DA:172,0
DA:173,0
DA:175,0
DA:177,0
DA:179,0
DA:188,0
DA:189,0
DA:190,0
DA:194,0
DA:195,0
DA:200,0
DA:209,0
DA:211,0
DA:212,0
DA:215,0
DA:219,0
DA:224,0
DA:225,0
DA:226,0
DA:227,0
DA:228,0
DA:236,0
DA:243,0
DA:247,0
DA:248,0
DA:250,0
DA:253,0
DA:264,0
DA:269,0
DA:271,0
DA:272,0
DA:273,0
DA:274,0
DA:277,0
DA:278,0
DA:282,0
DA:298,0
DA:299,0
DA:300,0
DA:302,0
DA:303,0
DA:304,0
DA:311,0
DA:312,0
DA:315,0
DA:316,0
DA:319,0
DA:322,0
DA:326,0
DA:327,0
DA:328,0
DA:341,0
DA:342,0
DA:343,0
DA:344,0
DA:345,0
DA:346,0
DA:347,0
DA:357,0
DA:359,0
DA:361,0
DA:375,0
DA:377,0
DA:378,0
DA:381,0
DA:382,0
DA:385,0
DA:386,0
DA:389,0
DA:390,0
DA:391,0
DA:394,0
DA:423,3
DA:424,0
DA:425,0
DA:426,0
DA:427,0
DA:428,0
DA:429,0
DA:430,0
DA:431,0
DA:432,0
DA:433,0
DA:434,0
DA:435,0
DA:438,0
DA:442,0
DA:449,0
DA:450,0
DA:451,0
DA:452,0
DA:453,0
DA:454,0
DA:456,0
DA:460,0
DA:461,0
DA:463,0
DA:472,0
DA:473,0
DA:482,0
DA:485,0
DA:486,0
DA:494,0
DA:496,0
DA:498,0
DA:499,0
DA:502,0
DA:505,0
DA:507,0
DA:509,0
DA:514,0
DA:516,0
DA:517,0
DA:519,0
DA:520,0
DA:523,0
DA:527,0
DA:528,0
DA:529,0
DA:531,0
DA:532,0
DA:533,0
DA:535,0
DA:537,0
DA:538,0
DA:539,0
DA:540,0
DA:544,0
DA:547,0
DA:557,0
DA:558,0
DA:561,0
DA:570,0
DA:572,0
DA:574,0
DA:575,0
DA:577,0
DA:578,0
DA:580,0
LF:192
LH:19
BRDA:12,0,0,29
BRDA:12,0,1,29
BRDA:12,0,2,29
BRDA:16,1,0,0
BRDA:16,1,1,0
BRDA:42,2,0,0
BRDA:42,3,0,0
BRDA:43,4,0,0
BRDA:43,4,1,20
BRDA:45,5,0,0
BRDA:45,5,1,20
BRDA:48,6,0,0
BRDA:48,6,1,20
BRDA:48,7,0,20
BRDA:48,7,1,0
BRDA:64,8,0,0
BRDA:65,9,0,8
BRDA:67,10,0,0
BRDA:67,10,1,20
BRDA:73,11,0,0
BRDA:73,11,1,20
BRDA:87,12,0,20
BRDA:87,12,1,0
BRDA:89,13,0,0
BRDA:89,13,1,20
BRDA:104,14,0,0
BRDA:105,15,0,0
BRDA:114,16,0,0
BRDA:114,16,1,0
BRDA:120,17,0,0
BRDA:120,17,1,0
BRDA:126,18,0,0
BRDA:126,18,1,0
BRDA:163,19,0,0
BRDA:165,20,0,0
BRDA:165,20,1,0
BRDA:172,21,0,0
BRDA:172,21,1,0
BRDA:175,22,0,0
BRDA:175,22,1,0
BRDA:188,23,0,0
BRDA:189,24,0,0
BRDA:189,24,1,0
BRDA:194,25,0,0
BRDA:194,25,1,0
BRDA:211,26,0,0
BRDA:211,26,1,0
BRDA:215,27,0,0
BRDA:215,27,1,0
BRDA:216,28,0,0
BRDA:216,28,1,0
BRDA:225,29,0,0
BRDA:225,29,1,0
BRDA:227,30,0,0
BRDA:227,30,1,0
BRDA:247,31,0,0
BRDA:247,31,1,0
BRDA:251,32,0,0
BRDA:251,32,1,0
BRDA:271,33,0,0
BRDA:271,33,1,0
BRDA:273,34,0,0
BRDA:273,34,1,0
BRDA:279,35,0,0
BRDA:279,35,1,0
BRDA:299,36,0,0
BRDA:299,36,1,0
BRDA:303,37,0,0
BRDA:303,37,1,0
BRDA:312,38,0,0
BRDA:312,38,1,0
BRDA:315,39,0,0
BRDA:315,39,1,0
BRDA:343,40,0,0
BRDA:343,40,1,0
BRDA:345,41,0,0
BRDA:345,41,1,0
BRDA:345,42,0,0
BRDA:345,42,1,0
BRDA:345,42,2,0
BRDA:347,43,0,0
BRDA:347,43,1,0
BRDA:348,44,0,0
BRDA:348,44,1,0
BRDA:348,44,2,0
BRDA:348,44,3,0
BRDA:348,44,4,0
BRDA:348,44,5,0
BRDA:348,44,6,0
BRDA:377,45,0,0
BRDA:377,45,1,0
BRDA:377,46,0,0
BRDA:377,46,1,0
BRDA:381,47,0,0
BRDA:381,47,1,0
BRDA:381,48,0,0
BRDA:381,48,1,0
BRDA:385,49,0,0
BRDA:385,49,1,0
BRDA:385,50,0,0
BRDA:385,50,1,0
BRDA:385,50,2,0
BRDA:390,51,0,0
BRDA:390,51,1,0
BRDA:390,52,0,0
BRDA:390,52,1,0
BRDA:390,52,2,0
BRDA:424,53,0,0
BRDA:424,53,1,0
BRDA:426,54,0,0
BRDA:426,54,1,0
BRDA:428,55,0,0
BRDA:428,55,1,0
BRDA:430,56,0,0
BRDA:430,56,1,0
BRDA:432,57,0,0
BRDA:432,57,1,0
BRDA:434,58,0,0
BRDA:434,58,1,0
BRDA:443,59,0,0
BRDA:443,59,1,0
BRDA:443,59,2,0
BRDA:448,60,0,0
BRDA:450,61,0,0
BRDA:450,61,1,0
BRDA:451,62,0,0
BRDA:451,62,1,0
BRDA:453,63,0,0
BRDA:453,63,1,0
BRDA:459,64,0,0
BRDA:460,65,0,0
BRDA:460,65,1,0
BRDA:460,66,0,0
BRDA:460,66,1,0
BRDA:482,67,0,0
BRDA:482,67,1,0
BRDA:494,68,0,0
BRDA:494,68,1,0
BRDA:498,69,0,0
BRDA:498,69,1,0
BRDA:516,70,0,0
BRDA:516,70,1,0
BRDA:519,71,0,0
BRDA:519,71,1,0
BRDA:527,72,0,0
BRDA:527,72,1,0
BRDA:528,73,0,0
BRDA:528,73,1,0
BRDA:532,74,0,0
BRDA:532,74,1,0
BRDA:537,75,0,0
BRDA:537,75,1,0
BRDA:541,76,0,0
BRDA:541,76,1,0
BRDA:557,77,0,0
BRDA:557,77,1,0
BRDA:570,78,0,0
BRDA:570,78,1,0
BRDA:574,79,0,0
BRDA:574,79,1,0
BRDA:574,80,0,0
BRDA:574,80,1,0
BRDA:577,81,0,0
BRDA:577,81,1,0
BRDA:577,82,0,0
BRDA:577,82,1,0
BRDA:577,82,2,0
BRDA:580,83,0,0
BRDA:580,83,1,0
BRF:169
BRH:12
end_of_record
TN:
SF:E:\Jennifer\other\vue3-json-schema-form\lib\validator.ts
FN:24,toErrorSchema
FN:27,(anonymous_1)
FN:72,transformErrors
FN:77,(anonymous_3)
FN:91,validateFormData
FN:152,createErrorProxy
FN:156,(anonymous_6)
FN:159,(anonymous_7)
FN:183,mergeObjects
FN:186,(anonymous_9)
FNF:10
FNH:0
FNDA:0,toErrorSchema
FNDA:0,(anonymous_1)
FNDA:0,transformErrors
FNDA:0,(anonymous_3)
FNDA:0,validateFormData
FNDA:0,createErrorProxy
FNDA:0,(anonymous_6)
FNDA:0,(anonymous_7)
FNDA:0,mergeObjects
FNDA:0,(anonymous_9)
DA:2,3
DA:4,3
DA:7,3
DA:25,0
DA:27,0
DA:28,0
DA:29,0
DA:30,0
DA:31,0
DA:32,0
DA:33,0
DA:37,0
DA:38,0
DA:46,0
DA:47,0
DA:48,0
DA:49,0
DA:51,0
DA:52,0
DA:53,0
DA:55,0
DA:56,0
DA:58,0
DA:62,0
DA:64,0
DA:65,0
DA:68,0
DA:75,0
DA:77,0
DA:79,0
DA:81,0
DA:98,0
DA:100,0
DA:101,0
DA:103,0
DA:106,0
DA:108,0
DA:110,0
DA:111,0
DA:119,0
DA:121,0
DA:122,0
DA:138,0
DA:139,0
DA:141,0
DA:142,0
DA:153,0
DA:154,0
DA:158,0
DA:159,0
DA:160,0
DA:161,0
DA:162,0
DA:164,0
DA:170,0
DA:171,0
DA:172,0
DA:173,0
DA:175,0
DA:177,0
DA:185,0
DA:186,0
DA:187,0
DA:188,0
DA:189,0
DA:190,0
DA:191,0
DA:192,0
DA:194,0
DA:196,0
LF:70
LH:3
BRDA:25,0,0,0
BRDA:25,0,1,0
BRDA:37,1,0,0
BRDA:37,1,1,0
BRDA:37,2,0,0
BRDA:37,2,1,0
BRDA:48,3,0,0
BRDA:48,3,1,0
BRDA:58,4,0,0
BRDA:58,4,1,0
BRDA:62,5,0,0
BRDA:62,5,1,0
BRDA:64,6,0,0
BRDA:64,6,1,0
BRDA:75,7,0,0
BRDA:75,7,1,0
BRDA:75,8,0,0
BRDA:75,8,1,0
BRDA:79,9,0,0
BRDA:79,9,1,0
BRDA:95,10,0,0
BRDA:110,11,0,0
BRDA:110,11,1,0
BRDA:121,12,0,0
BRDA:121,12,1,0
BRDA:158,13,0,0
BRDA:158,13,1,0
BRDA:161,14,0,0
BRDA:161,14,1,0
BRDA:161,15,0,0
BRDA:161,15,1,0
BRDA:171,16,0,0
BRDA:171,16,1,0
BRDA:183,17,0,0
BRDA:187,18,0,0
BRDA:187,18,1,0
BRDA:189,19,0,0
BRDA:189,19,1,0
BRDA:189,20,0,0
BRDA:189,20,1,0
BRDA:189,20,2,0
BRDA:191,21,0,0
BRDA:191,21,1,0
BRDA:191,22,0,0
BRDA:191,22,1,0
BRDA:191,22,2,0
BRF:46
BRH:0
end_of_record
TN:
SF:E:\Jennifer\other\vue3-json-schema-form\lib\fields\ArrayField.tsx
FN:73,(anonymous_1)
FN:75,(anonymous_2)
FN:76,(anonymous_3)
FN:77,(anonymous_4)
FN:78,(anonymous_5)
FN:80,(anonymous_6)
FN:101,(anonymous_7)
FN:104,(anonymous_8)
FN:111,(anonymous_9)
FN:118,(anonymous_10)
FN:125,(anonymous_11)
FN:134,(anonymous_12)
FN:145,(anonymous_13)
FN:160,(anonymous_14)
FN:171,(anonymous_15)
FN:179,(anonymous_16)
FN:193,(anonymous_17)
FN:180,(anonymous_18)
FN:201,(anonymous_19)
FNF:19
FNH:8
FNDA:2,(anonymous_1)
FNDA:0,(anonymous_2)
FNDA:0,(anonymous_3)
FNDA:0,(anonymous_4)
FNDA:0,(anonymous_5)
FNDA:2,(anonymous_6)
FNDA:3,(anonymous_7)
FNDA:0,(anonymous_8)
FNDA:0,(anonymous_9)
FNDA:0,(anonymous_10)
FNDA:0,(anonymous_11)
FNDA:0,(anonymous_12)
FNDA:3,(anonymous_13)
FNDA:2,(anonymous_14)
FNDA:0,(anonymous_15)
FNDA:2,(anonymous_16)
FNDA:0,(anonymous_17)
FNDA:2,(anonymous_18)
FNDA:3,(anonymous_19)
DA:1,3
DA:2,3
DA:4,3
DA:5,3
DA:7,3
DA:30,3
DA:49,3
DA:74,2
DA:75,2
DA:76,2
DA:77,2
DA:78,2
DA:80,2
DA:81,2
DA:82,2
DA:98,3
DA:102,3
DA:104,3
DA:105,0
DA:106,0
DA:107,0
DA:108,0
DA:111,3
DA:112,0
DA:113,0
DA:114,0
DA:115,0
DA:118,3
DA:119,0
DA:120,0
DA:121,0
DA:122,0
DA:125,3
DA:126,0
DA:127,0
DA:128,0
DA:129,0
DA:130,0
DA:131,0
DA:134,3
DA:135,0
DA:136,0
DA:137,0
DA:138,0
DA:139,0
DA:140,0
DA:143,3
DA:145,3
DA:146,3
DA:149,3
DA:150,3
DA:152,3
DA:154,3
DA:156,3
DA:158,1
DA:159,1
DA:160,1
DA:161,2
DA:162,2
DA:163,2
DA:171,0
DA:176,2
DA:178,1
DA:179,2
DA:180,2
DA:193,0
DA:200,1
DA:201,3
DA:205,1
LF:69
LH:43
BRDA:91,0,0,2
BRDA:91,0,1,2
BRDA:106,1,0,0
BRDA:106,1,1,0
BRDA:113,2,0,0
BRDA:113,2,1,0
BRDA:120,3,0,0
BRDA:120,3,1,0
BRDA:126,4,0,0
BRDA:126,4,1,0
BRDA:128,5,0,0
BRDA:128,5,1,0
BRDA:136,6,0,0
BRDA:136,6,1,0
BRDA:137,7,0,0
BRDA:137,7,1,0
BRDA:154,8,0,3
BRDA:154,8,1,3
BRDA:156,9,0,1
BRDA:156,9,1,2
BRDA:159,10,0,1
BRDA:159,10,1,0
BRDA:162,11,0,0
BRDA:162,11,1,2
BRDA:162,12,0,0
BRDA:162,12,1,0
BRDA:162,13,0,2
BRDA:162,13,1,2
BRDA:172,14,0,2
BRDA:172,14,1,2
BRDA:176,15,0,1
BRDA:176,15,1,1
BRDA:178,16,0,1
BRDA:178,16,1,0
BRDA:180,17,0,0
BRDA:180,17,1,2
BRDA:190,18,0,2
BRDA:190,18,1,2
BRDA:194,19,0,2
BRDA:194,19,1,2
BRF:40
BRH:20
end_of_record
TN:
SF:E:\Jennifer\other\vue3-json-schema-form\lib\fields\NumberField.tsx
FN:9,(anonymous_0)
FN:10,(anonymous_1)
FN:24,(anonymous_2)
FNF:3
FNH:3
FNDA:5,(anonymous_0)
FNDA:1,(anonymous_1)
FNDA:8,(anonymous_2)
DA:1,3
DA:3,3
DA:4,3
DA:6,3
DA:10,5
DA:12,1
DA:13,1
DA:14,0
DA:16,1
DA:20,5
DA:21,5
DA:24,5
DA:25,8
DA:26,8
LF:14
LH:13
BRDA:13,0,0,0
BRDA:13,0,1,1
BRF:2
BRH:1
end_of_record
TN:
SF:E:\Jennifer\other\vue3-json-schema-form\lib\fields\ObjectField.tsx
FN:10,(anonymous_0)
FN:15,(anonymous_1)
FN:27,(anonymous_2)
FN:33,(anonymous_3)
FN:40,(anonymous_4)
FNF:5
FNH:5
FNDA:3,(anonymous_0)
FNDA:3,(anonymous_1)
FNDA:6,(anonymous_2)
FNDA:12,(anonymous_3)
FNDA:3,(anonymous_4)
DA:1,3
DA:3,3
DA:4,3
DA:5,3
DA:7,3
DA:13,3
DA:15,3
DA:16,3
DA:18,3
DA:19,1
DA:21,2
DA:24,3
DA:27,3
DA:28,6
DA:29,6
DA:30,6
DA:31,6
DA:33,6
DA:34,12
DA:40,3
LF:20
LH:20
BRDA:16,0,0,3
BRDA:16,0,1,0
BRDA:18,1,0,1
BRDA:18,1,1,2
BRDA:30,2,0,6
BRDA:30,2,1,0
BRDA:31,3,0,6
BRDA:31,3,1,0
BRDA:37,4,0,0
BRDA:37,4,1,12
BRDA:37,5,0,0
BRDA:37,5,1,0
BRDA:41,6,0,12
BRDA:41,6,1,12
BRF:14
BRH:8
end_of_record
TN:
SF:E:\Jennifer\other\vue3-json-schema-form\lib\fields\StringField.tsx
FN:9,(anonymous_0)
FN:11,(anonymous_1)
FN:17,(anonymous_2)
FN:23,(anonymous_3)
FN:28,(anonymous_4)
FNF:5
FNH:4
FNDA:6,(anonymous_0)
FNDA:0,(anonymous_1)
FNDA:9,(anonymous_2)
FNDA:9,(anonymous_3)
FNDA:9,(anonymous_4)
DA:1,3
DA:3,3
DA:4,3
DA:6,3
DA:11,6
DA:14,0
DA:17,6
DA:18,9
DA:19,9
DA:23,6
DA:24,9
DA:25,9
DA:28,6
DA:29,9
DA:30,9
DA:31,9
LF:16
LH:15
BRF:0
BRH:0
end_of_record
TN:
SF:E:\Jennifer\other\vue3-json-schema-form\lib\theme-default\FormItem.tsx
FN:24,(anonymous_1)
FN:26,(anonymous_2)
FN:33,(anonymous_3)
FN:33,(anonymous_4)
FN:42,withFormItem
FN:46,(anonymous_6)
FN:47,(anonymous_7)
FN:48,(anonymous_8)
FNF:8
FNH:6
FNDA:12,(anonymous_1)
FNDA:18,(anonymous_2)
FNDA:0,(anonymous_3)
FNDA:0,(anonymous_4)
FNDA:9,withFormItem
FNDA:12,(anonymous_6)
FNDA:18,(anonymous_7)
FNDA:18,(anonymous_8)
DA:1,3
DA:2,3
DA:3,3
DA:5,3
DA:21,3
DA:25,12
DA:26,12
DA:27,18
DA:28,18
DA:29,18
DA:33,0
DA:40,3
DA:43,9
DA:47,12
DA:48,18
LF:15
LH:14
BRDA:31,0,0,18
BRDA:31,0,1,18
BRDA:32,1,0,18
BRDA:32,1,1,0
BRDA:33,2,0,18
BRDA:33,2,1,18
BRDA:33,3,0,0
BRDA:33,3,1,0
BRDA:48,4,0,0
BRDA:48,4,1,18
BRF:10
BRH:6
end_of_record
TN:
SF:E:\Jennifer\other\vue3-json-schema-form\lib\theme-default\NumberWidget.tsx
FN:9,(anonymous_0)
FN:10,(anonymous_1)
FN:11,(anonymous_2)
FNF:3
FNH:3
FNDA:5,(anonymous_0)
FNDA:8,(anonymous_1)
FNDA:1,(anonymous_2)
DA:1,3
DA:2,3
DA:4,3
DA:6,3
DA:10,5
DA:11,8
DA:12,1
DA:14,1
DA:17,8
DA:28,3
LF:10
LH:10
BRF:0
BRH:0
end_of_record
TN:
SF:E:\Jennifer\other\vue3-json-schema-form\lib\theme-default\SelectionWidget.tsx
FN:9,(anonymous_0)
FN:11,(anonymous_1)
FN:17,(anonymous_2)
FN:18,(anonymous_3)
FN:24,(anonymous_4)
FN:29,(anonymous_5)
FN:30,(anonymous_6)
FNF:7
FNH:4
FNDA:1,(anonymous_0)
FNDA:0,(anonymous_1)
FNDA:1,(anonymous_2)
FNDA:0,(anonymous_3)
FNDA:1,(anonymous_4)
FNDA:0,(anonymous_5)
FNDA:3,(anonymous_6)
DA:1,3
DA:3,3
DA:4,3
DA:6,3
DA:10,1
DA:11,1
DA:12,0
DA:13,0
DA:16,1
DA:17,1
DA:19,0
DA:20,0
DA:24,1
DA:25,1
DA:28,1
DA:29,0
DA:31,3
DA:39,3
LF:18
LH:13
BRDA:12,0,0,0
BRDA:12,0,1,0
BRDA:19,1,0,0
BRDA:19,1,1,0
BRF:4
BRH:0
end_of_record
TN:
SF:E:\Jennifer\other\vue3-json-schema-form\lib\theme-default\TextWidget.tsx
FN:9,(anonymous_0)
FN:10,(anonymous_1)
FN:11,(anonymous_2)
FN:32,(anonymous_3)
FNF:4
FNH:3
FNDA:6,(anonymous_0)
FNDA:9,(anonymous_1)
FNDA:0,(anonymous_2)
FNDA:9,(anonymous_3)
DA:1,3
DA:2,3
DA:4,3
DA:6,3
DA:10,6
DA:11,9
DA:12,0
DA:19,0
DA:32,9
DA:33,9
DA:38,9
DA:50,3
LF:12
LH:10
BRDA:34,0,0,9
BRDA:34,0,1,9
BRDA:34,0,2,9
BRF:3
BRH:3
end_of_record
TN:
SF:E:\Jennifer\other\vue3-json-schema-form\lib\theme-default\index.tsx
FNF:0
FNH:0
DA:1,3
DA:2,3
DA:3,3
DA:16,3
LF:4
LH:4
BRF:0
BRH:0
end_of_record
TN:
SF:E:\Jennifer\other\vue3-json-schema-form\lib\widgets\$Selection.tsx
FN:20,(anonymous_0)
FN:22,(anonymous_1)
FN:28,(anonymous_2)
FN:29,(anonymous_3)
FN:35,(anonymous_4)
FN:40,(anonymous_5)
FN:41,(anonymous_6)
FNF:7
FNH:0
FNDA:0,(anonymous_0)
FNDA:0,(anonymous_1)
FNDA:0,(anonymous_2)
FNDA:0,(anonymous_3)
FNDA:0,(anonymous_4)
FNDA:0,(anonymous_5)
FNDA:0,(anonymous_6)
DA:2,3
DA:4,3
DA:21,0
DA:22,0
DA:23,0
DA:24,0
DA:27,0
DA:28,0
DA:30,0
DA:31,0
DA:35,0
DA:36,0
DA:39,0
DA:40,0
DA:42,0
LF:15
LH:2
BRDA:23,0,0,0
BRDA:23,0,1,0
BRDA:30,1,0,0
BRDA:30,1,1,0
BRF:4
BRH:0
end_of_record
TN:
SF:E:\Jennifer\other\vue3-json-schema-form\tests\unit\utils\TestComponent.tsx
FN:16,(anonymous_1)
FN:17,(anonymous_2)
FN:18,(anonymous_3)
FN:40,(anonymous_4)
FN:41,(anonymous_5)
FN:43,(anonymous_6)
FNF:6
FNH:6
FNDA:7,(anonymous_1)
FNDA:7,(anonymous_2)
FNDA:7,(anonymous_3)
FNDA:7,(anonymous_4)
FNDA:7,(anonymous_5)
FNDA:7,(anonymous_6)
DA:1,3
DA:3,3
DA:4,3
DA:15,3
DA:17,7
DA:18,14
DA:25,3
DA:41,7
DA:42,7
DA:43,7
LF:10
LH:10
BRDA:19,0,0,7
BRDA:19,0,1,7
BRDA:43,1,0,0
BRDA:43,1,1,7
BRF:4
BRH:3
end_of_record
